Copyright 1986-2022 Xilinx, Inc. All Rights Reserved. Copyright 2022-2023 Advanced Micro Devices, Inc. All Rights Reserved.
---------------------------------------------------------------------------------------------------------------------------------------------------------------------------------------------------------------------------------------
| Tool Version : Vivado v.2023.2 (win64) Build 4029153 Fri Oct 13 20:14:34 MDT 2023
| Date         : Sun May 31 14:46:16 2026
| Host         : VISHWAS_POOJA running 64-bit major release  (build 9200)
| Command      : report_timing_summary -max_paths 10 -report_unconstrained -file cla_hier_adder_timing_summary_routed.rpt -pb cla_hier_adder_timing_summary_routed.pb -rpx cla_hier_adder_timing_summary_routed.rpx -warn_on_violation
| Design       : cla_hier_adder
| Device       : 7z020-clg484
| Speed File   : -1  PRODUCTION 1.12 2019-11-22
| Design State : Routed
---------------------------------------------------------------------------------------------------------------------------------------------------------------------------------------------------------------------------------------

Timing Summary Report

------------------------------------------------------------------------------------------------
| Timer Settings
| --------------
------------------------------------------------------------------------------------------------

  Enable Multi Corner Analysis               :  Yes
  Enable Pessimism Removal                   :  Yes
  Pessimism Removal Resolution               :  Nearest Common Node
  Enable Input Delay Default Clock           :  No
  Enable Preset / Clear Arcs                 :  No
  Disable Flight Delays                      :  No
  Ignore I/O Paths                           :  No
  Timing Early Launch at Borrowing Latches   :  No
  Borrow Time for Max Delay Exceptions       :  Yes
  Merge Timing Exceptions                    :  Yes
  Inter-SLR Compensation                     :  Conservative

  Corner  Analyze    Analyze    
  Name    Max Paths  Min Paths  
  ------  ---------  ---------  
  Slow    Yes        Yes        
  Fast    Yes        Yes        


------------------------------------------------------------------------------------------------
| Report Methodology
| ------------------
------------------------------------------------------------------------------------------------

No report available as report_methodology has not been run prior. Run report_methodology on the current design for the summary of methodology violations.



check_timing report

Table of Contents
-----------------
1. checking no_clock (0)
2. checking constant_clock (0)
3. checking pulse_width_clock (0)
4. checking unconstrained_internal_endpoints (0)
5. checking no_input_delay (0)
6. checking no_output_delay (0)
7. checking multiple_clock (0)
8. checking generated_clocks (0)
9. checking loops (0)
10. checking partial_input_delay (0)
11. checking partial_output_delay (0)
12. checking latch_loops (0)

1. checking no_clock (0)
------------------------
 There are 0 register/latch pins with no clock.


2. checking constant_clock (0)
------------------------------
 There are 0 register/latch pins with constant_clock.


3. checking pulse_width_clock (0)
---------------------------------
 There are 0 register/latch pins which need pulse_width check


4. checking unconstrained_internal_endpoints (0)
------------------------------------------------
 There are 0 pins that are not constrained for maximum delay.

 There are 0 pins that are not constrained for maximum delay due to constant clock.


5. checking no_input_delay (0)
------------------------------
 There are 0 input ports with no input delay specified.

 There are 0 input ports with no input delay but user has a false path constraint.


6. checking no_output_delay (0)
-------------------------------
 There are 0 ports with no output delay specified.

 There are 0 ports with no output delay but user has a false path constraint

 There are 0 ports with no output delay but with a timing clock defined on it or propagating through it


7. checking multiple_clock (0)
------------------------------
 There are 0 register/latch pins with multiple clocks.


8. checking generated_clocks (0)
--------------------------------
 There are 0 generated clocks that are not connected to a clock source.


9. checking loops (0)
---------------------
 There are 0 combinational loops in the design.


10. checking partial_input_delay (0)
------------------------------------
 There are 0 input ports with partial input delay specified.


11. checking partial_output_delay (0)
-------------------------------------
 There are 0 ports with partial output delay specified.


12. checking latch_loops (0)
----------------------------
 There are 0 combinational latch loops in the design through latch input



------------------------------------------------------------------------------------------------
| Design Timing Summary
| ---------------------
------------------------------------------------------------------------------------------------

    WNS(ns)      TNS(ns)  TNS Failing Endpoints  TNS Total Endpoints      WHS(ns)      THS(ns)  THS Failing Endpoints  THS Total Endpoints     WPWS(ns)     TPWS(ns)  TPWS Failing Endpoints  TPWS Total Endpoints  
    -------      -------  ---------------------  -------------------      -------      -------  ---------------------  -------------------     --------     --------  ----------------------  --------------------  
        inf        0.000                      0                   17          inf        0.000                      0                   17           NA           NA                      NA                    NA  


There are no user specified timing constraints.


------------------------------------------------------------------------------------------------
| Clock Summary
| -------------
------------------------------------------------------------------------------------------------


------------------------------------------------------------------------------------------------
| Intra Clock Table
| -----------------
------------------------------------------------------------------------------------------------

Clock             WNS(ns)      TNS(ns)  TNS Failing Endpoints  TNS Total Endpoints      WHS(ns)      THS(ns)  THS Failing Endpoints  THS Total Endpoints     WPWS(ns)     TPWS(ns)  TPWS Failing Endpoints  TPWS Total Endpoints  
-----             -------      -------  ---------------------  -------------------      -------      -------  ---------------------  -------------------     --------     --------  ----------------------  --------------------  


------------------------------------------------------------------------------------------------
| Inter Clock Table
| -----------------
------------------------------------------------------------------------------------------------

From Clock    To Clock          WNS(ns)      TNS(ns)  TNS Failing Endpoints  TNS Total Endpoints      WHS(ns)      THS(ns)  THS Failing Endpoints  THS Total Endpoints  
----------    --------          -------      -------  ---------------------  -------------------      -------      -------  ---------------------  -------------------  


------------------------------------------------------------------------------------------------
| Other Path Groups Table
| -----------------------
------------------------------------------------------------------------------------------------

Path Group    From Clock    To Clock          WNS(ns)      TNS(ns)  TNS Failing Endpoints  TNS Total Endpoints      WHS(ns)      THS(ns)  THS Failing Endpoints  THS Total Endpoints  
----------    ----------    --------          -------      -------  ---------------------  -------------------      -------      -------  ---------------------  -------------------  


------------------------------------------------------------------------------------------------
| User Ignored Path Table
| -----------------------
------------------------------------------------------------------------------------------------

Path Group    From Clock    To Clock    
----------    ----------    --------    


------------------------------------------------------------------------------------------------
| Unconstrained Path Table
| ------------------------
------------------------------------------------------------------------------------------------

Path Group    From Clock    To Clock    
----------    ----------    --------    
(none)                                    


------------------------------------------------------------------------------------------------
| Timing Details
| --------------
------------------------------------------------------------------------------------------------


--------------------------------------------------------------------------------------
Path Group:  (none)
From Clock:  
  To Clock:  

Max Delay            17 Endpoints
Min Delay            17 Endpoints
--------------------------------------------------------------------------------------


Max Delay Paths
--------------------------------------------------------------------------------------
Slack:                    inf
  Source:                 a[1]
                            (input port)
  Destination:            sum[13]
                            (output port)
  Path Group:             (none)
  Path Type:              Max at Slow Process Corner
  Data Path Delay:        11.993ns  (logic 4.393ns (36.627%)  route 7.600ns (63.373%))
  Logic Levels:           6  (IBUF=1 LUT4=1 LUT5=1 LUT6=2 OBUF=1)

    Location             Delay type                Incr(ns)  Path(ns)    Netlist Resource(s)
  -------------------------------------------------------------------    -------------------
    W5                                                0.000     0.000 r  a[1] (IN)
                         net (fo=0)                   0.000     0.000    a[1]
    W5                   IBUF (Prop_ibuf_I_O)         0.935     0.935 r  a_IBUF[1]_inst/O
                         net (fo=5, routed)           2.145     3.080    a_IBUF[1]
    SLICE_X1Y20          LUT6 (Prop_lut6_I2_O)        0.124     3.204 r  sum_OBUF[5]_inst_i_3/O
                         net (fo=3, routed)           0.653     3.857    sum_OBUF[5]_inst_i_3_n_0
    SLICE_X0Y20          LUT4 (Prop_lut4_I0_O)        0.124     3.981 f  sum_OBUF[15]_inst_i_11/O
                         net (fo=4, routed)           1.613     5.594    sum_OBUF[15]_inst_i_11_n_0
    SLICE_X0Y23          LUT6 (Prop_lut6_I3_O)        0.124     5.718 r  sum_OBUF[15]_inst_i_3/O
                         net (fo=4, routed)           0.928     6.646    sum_OBUF[15]_inst_i_3_n_0
    SLICE_X0Y28          LUT5 (Prop_lut5_I4_O)        0.150     6.796 r  sum_OBUF[13]_inst_i_1/O
                         net (fo=1, routed)           2.262     9.058    sum_OBUF[13]
    V8                   OBUF (Prop_obuf_I_O)         2.935    11.993 r  sum_OBUF[13]_inst/O
                         net (fo=0)                   0.000    11.993    sum[13]
    V8                                                                r  sum[13] (OUT)
  -------------------------------------------------------------------    -------------------

Slack:                    inf
  Source:                 a[1]
                            (input port)
  Destination:            sum[9]
                            (output port)
  Path Group:             (none)
  Path Type:              Max at Slow Process Corner
  Data Path Delay:        11.756ns  (logic 4.255ns (36.197%)  route 7.501ns (63.803%))
  Logic Levels:           6  (IBUF=1 LUT3=1 LUT4=1 LUT6=2 OBUF=1)

    Location             Delay type                Incr(ns)  Path(ns)    Netlist Resource(s)
  -------------------------------------------------------------------    -------------------
    W5                                                0.000     0.000 r  a[1] (IN)
                         net (fo=0)                   0.000     0.000    a[1]
    W5                   IBUF (Prop_ibuf_I_O)         0.935     0.935 r  a_IBUF[1]_inst/O
                         net (fo=5, routed)           2.145     3.080    a_IBUF[1]
    SLICE_X1Y20          LUT6 (Prop_lut6_I2_O)        0.124     3.204 r  sum_OBUF[5]_inst_i_3/O
                         net (fo=3, routed)           0.653     3.857    sum_OBUF[5]_inst_i_3_n_0
    SLICE_X0Y20          LUT4 (Prop_lut4_I0_O)        0.124     3.981 f  sum_OBUF[15]_inst_i_11/O
                         net (fo=4, routed)           1.594     5.575    sum_OBUF[15]_inst_i_11_n_0
    SLICE_X0Y23          LUT6 (Prop_lut6_I3_O)        0.124     5.699 r  sum_OBUF[11]_inst_i_3/O
                         net (fo=3, routed)           0.817     6.516    sum_OBUF[11]_inst_i_3_n_0
    SLICE_X0Y24          LUT3 (Prop_lut3_I2_O)        0.124     6.640 r  sum_OBUF[9]_inst_i_1/O
                         net (fo=1, routed)           2.292     8.932    sum_OBUF[9]
    V12                  OBUF (Prop_obuf_I_O)         2.824    11.756 r  sum_OBUF[9]_inst/O
                         net (fo=0)                   0.000    11.756    sum[9]
    V12                                                               r  sum[9] (OUT)
  -------------------------------------------------------------------    -------------------

Slack:                    inf
  Source:                 a[1]
                            (input port)
  Destination:            sum[12]
                            (output port)
  Path Group:             (none)
  Path Type:              Max at Slow Process Corner
  Data Path Delay:        11.745ns  (logic 4.162ns (35.437%)  route 7.583ns (64.563%))
  Logic Levels:           6  (IBUF=1 LUT3=1 LUT4=1 LUT6=2 OBUF=1)

    Location             Delay type                Incr(ns)  Path(ns)    Netlist Resource(s)
  -------------------------------------------------------------------    -------------------
    W5                                                0.000     0.000 r  a[1] (IN)
                         net (fo=0)                   0.000     0.000    a[1]
    W5                   IBUF (Prop_ibuf_I_O)         0.935     0.935 r  a_IBUF[1]_inst/O
                         net (fo=5, routed)           2.145     3.080    a_IBUF[1]
    SLICE_X1Y20          LUT6 (Prop_lut6_I2_O)        0.124     3.204 r  sum_OBUF[5]_inst_i_3/O
                         net (fo=3, routed)           0.653     3.857    sum_OBUF[5]_inst_i_3_n_0
    SLICE_X0Y20          LUT4 (Prop_lut4_I0_O)        0.124     3.981 f  sum_OBUF[15]_inst_i_11/O
                         net (fo=4, routed)           1.613     5.594    sum_OBUF[15]_inst_i_11_n_0
    SLICE_X0Y23          LUT6 (Prop_lut6_I3_O)        0.124     5.718 r  sum_OBUF[15]_inst_i_3/O
                         net (fo=4, routed)           0.928     6.646    sum_OBUF[15]_inst_i_3_n_0
    SLICE_X0Y28          LUT3 (Prop_lut3_I0_O)        0.124     6.770 r  sum_OBUF[12]_inst_i_1/O
                         net (fo=1, routed)           2.245     9.015    sum_OBUF[12]
    W8                   OBUF (Prop_obuf_I_O)         2.731    11.745 r  sum_OBUF[12]_inst/O
                         net (fo=0)                   0.000    11.745    sum[12]
    W8                                                                r  sum[12] (OUT)
  -------------------------------------------------------------------    -------------------

Slack:                    inf
  Source:                 a[1]
                            (input port)
  Destination:            sum[14]
                            (output port)
  Path Group:             (none)
  Path Type:              Max at Slow Process Corner
  Data Path Delay:        11.740ns  (logic 4.066ns (34.630%)  route 7.675ns (65.370%))
  Logic Levels:           6  (IBUF=1 LUT4=1 LUT6=3 OBUF=1)

    Location             Delay type                Incr(ns)  Path(ns)    Netlist Resource(s)
  -------------------------------------------------------------------    -------------------
    W5                                                0.000     0.000 r  a[1] (IN)
                         net (fo=0)                   0.000     0.000    a[1]
    W5                   IBUF (Prop_ibuf_I_O)         0.935     0.935 r  a_IBUF[1]_inst/O
                         net (fo=5, routed)           2.145     3.080    a_IBUF[1]
    SLICE_X1Y20          LUT6 (Prop_lut6_I2_O)        0.124     3.204 r  sum_OBUF[5]_inst_i_3/O
                         net (fo=3, routed)           0.653     3.857    sum_OBUF[5]_inst_i_3_n_0
    SLICE_X0Y20          LUT4 (Prop_lut4_I0_O)        0.124     3.981 f  sum_OBUF[15]_inst_i_11/O
                         net (fo=4, routed)           1.613     5.594    sum_OBUF[15]_inst_i_11_n_0
    SLICE_X0Y23          LUT6 (Prop_lut6_I3_O)        0.124     5.718 r  sum_OBUF[15]_inst_i_3/O
                         net (fo=4, routed)           1.006     6.724    sum_OBUF[15]_inst_i_3_n_0
    SLICE_X0Y27          LUT6 (Prop_lut6_I3_O)        0.124     6.848 r  sum_OBUF[14]_inst_i_1/O
                         net (fo=1, routed)           2.259     9.106    sum_OBUF[14]
    V9                   OBUF (Prop_obuf_I_O)         2.634    11.740 r  sum_OBUF[14]_inst/O
                         net (fo=0)                   0.000    11.740    sum[14]
    V9                                                                r  sum[14] (OUT)
  -------------------------------------------------------------------    -------------------

Slack:                    inf
  Source:                 a[1]
                            (input port)
  Destination:            sum[15]
                            (output port)
  Path Group:             (none)
  Path Type:              Max at Slow Process Corner
  Data Path Delay:        11.665ns  (logic 4.078ns (34.960%)  route 7.587ns (65.040%))
  Logic Levels:           6  (IBUF=1 LUT4=1 LUT6=3 OBUF=1)

    Location             Delay type                Incr(ns)  Path(ns)    Netlist Resource(s)
  -------------------------------------------------------------------    -------------------
    W5                                                0.000     0.000 r  a[1] (IN)
                         net (fo=0)                   0.000     0.000    a[1]
    W5                   IBUF (Prop_ibuf_I_O)         0.935     0.935 r  a_IBUF[1]_inst/O
                         net (fo=5, routed)           2.145     3.080    a_IBUF[1]
    SLICE_X1Y20          LUT6 (Prop_lut6_I2_O)        0.124     3.204 r  sum_OBUF[5]_inst_i_3/O
                         net (fo=3, routed)           0.653     3.857    sum_OBUF[5]_inst_i_3_n_0
    SLICE_X0Y20          LUT4 (Prop_lut4_I0_O)        0.124     3.981 f  sum_OBUF[15]_inst_i_11/O
                         net (fo=4, routed)           1.613     5.594    sum_OBUF[15]_inst_i_11_n_0
    SLICE_X0Y23          LUT6 (Prop_lut6_I3_O)        0.124     5.718 r  sum_OBUF[15]_inst_i_3/O
                         net (fo=4, routed)           0.853     6.571    sum_OBUF[15]_inst_i_3_n_0
    SLICE_X0Y27          LUT6 (Prop_lut6_I1_O)        0.124     6.695 r  sum_OBUF[15]_inst_i_1/O
                         net (fo=1, routed)           2.324     9.019    sum_OBUF[15]
    V10                  OBUF (Prop_obuf_I_O)         2.647    11.665 r  sum_OBUF[15]_inst/O
                         net (fo=0)                   0.000    11.665    sum[15]
    V10                                                               r  sum[15] (OUT)
  -------------------------------------------------------------------    -------------------

Slack:                    inf
  Source:                 a[1]
                            (input port)
  Destination:            sum[10]
                            (output port)
  Path Group:             (none)
  Path Type:              Max at Slow Process Corner
  Data Path Delay:        11.531ns  (logic 4.181ns (36.257%)  route 7.350ns (63.743%))
  Logic Levels:           6  (IBUF=1 LUT4=1 LUT5=1 LUT6=2 OBUF=1)

    Location             Delay type                Incr(ns)  Path(ns)    Netlist Resource(s)
  -------------------------------------------------------------------    -------------------
    W5                                                0.000     0.000 r  a[1] (IN)
                         net (fo=0)                   0.000     0.000    a[1]
    W5                   IBUF (Prop_ibuf_I_O)         0.935     0.935 r  a_IBUF[1]_inst/O
                         net (fo=5, routed)           2.145     3.080    a_IBUF[1]
    SLICE_X1Y20          LUT6 (Prop_lut6_I2_O)        0.124     3.204 r  sum_OBUF[5]_inst_i_3/O
                         net (fo=3, routed)           0.653     3.857    sum_OBUF[5]_inst_i_3_n_0
    SLICE_X0Y20          LUT4 (Prop_lut4_I0_O)        0.124     3.981 f  sum_OBUF[15]_inst_i_11/O
                         net (fo=4, routed)           1.594     5.575    sum_OBUF[15]_inst_i_11_n_0
    SLICE_X0Y23          LUT6 (Prop_lut6_I3_O)        0.124     5.699 r  sum_OBUF[11]_inst_i_3/O
                         net (fo=3, routed)           0.673     6.372    sum_OBUF[11]_inst_i_3_n_0
    SLICE_X0Y24          LUT5 (Prop_lut5_I4_O)        0.124     6.496 r  sum_OBUF[10]_inst_i_1/O
                         net (fo=1, routed)           2.286     8.781    sum_OBUF[10]
    W10                  OBUF (Prop_obuf_I_O)         2.749    11.531 r  sum_OBUF[10]_inst/O
                         net (fo=0)                   0.000    11.531    sum[10]
    W10                                                               r  sum[10] (OUT)
  -------------------------------------------------------------------    -------------------

Slack:                    inf
  Source:                 a[1]
                            (input port)
  Destination:            sum[6]
                            (output port)
  Path Group:             (none)
  Path Type:              Max at Slow Process Corner
  Data Path Delay:        11.423ns  (logic 4.203ns (36.797%)  route 7.220ns (63.203%))
  Logic Levels:           6  (IBUF=1 LUT4=2 LUT5=1 LUT6=1 OBUF=1)

    Location             Delay type                Incr(ns)  Path(ns)    Netlist Resource(s)
  -------------------------------------------------------------------    -------------------
    W5                                                0.000     0.000 r  a[1] (IN)
                         net (fo=0)                   0.000     0.000    a[1]
    W5                   IBUF (Prop_ibuf_I_O)         0.935     0.935 r  a_IBUF[1]_inst/O
                         net (fo=5, routed)           2.145     3.080    a_IBUF[1]
    SLICE_X1Y20          LUT6 (Prop_lut6_I2_O)        0.124     3.204 r  sum_OBUF[5]_inst_i_3/O
                         net (fo=3, routed)           0.653     3.857    sum_OBUF[5]_inst_i_3_n_0
    SLICE_X0Y20          LUT4 (Prop_lut4_I0_O)        0.124     3.981 f  sum_OBUF[15]_inst_i_11/O
                         net (fo=4, routed)           1.437     5.418    sum_OBUF[15]_inst_i_11_n_0
    SLICE_X0Y22          LUT4 (Prop_lut4_I1_O)        0.124     5.542 r  sum_OBUF[7]_inst_i_3/O
                         net (fo=2, routed)           0.701     6.243    sum_OBUF[7]_inst_i_3_n_0
    SLICE_X0Y22          LUT5 (Prop_lut5_I4_O)        0.124     6.367 r  sum_OBUF[6]_inst_i_1/O
                         net (fo=1, routed)           2.285     8.651    sum_OBUF[6]
    U11                  OBUF (Prop_obuf_I_O)         2.772    11.423 r  sum_OBUF[6]_inst/O
                         net (fo=0)                   0.000    11.423    sum[6]
    U11                                                               r  sum[6] (OUT)
  -------------------------------------------------------------------    -------------------

Slack:                    inf
  Source:                 a[9]
                            (input port)
  Destination:            cout
                            (output port)
  Path Group:             (none)
  Path Type:              Max at Slow Process Corner
  Data Path Delay:        11.422ns  (logic 4.244ns (37.161%)  route 7.177ns (62.839%))
  Logic Levels:           6  (IBUF=1 LUT3=1 LUT6=3 OBUF=1)

    Location             Delay type                Incr(ns)  Path(ns)    Netlist Resource(s)
  -------------------------------------------------------------------    -------------------
    U4                                                0.000     0.000 r  a[9] (IN)
                         net (fo=0)                   0.000     0.000    a[9]
    U4                   IBUF (Prop_ibuf_I_O)         0.925     0.925 r  a_IBUF[9]_inst/O
                         net (fo=5, routed)           2.098     3.023    a_IBUF[9]
    SLICE_X0Y23          LUT6 (Prop_lut6_I4_O)        0.124     3.147 r  cout_OBUF_inst_i_6/O
                         net (fo=2, routed)           0.667     3.814    cout_OBUF_inst_i_6_n_0
    SLICE_X1Y23          LUT3 (Prop_lut3_I2_O)        0.152     3.966 f  sum_OBUF[15]_inst_i_12/O
                         net (fo=2, routed)           0.838     4.804    sum_OBUF[15]_inst_i_12_n_0
    SLICE_X0Y22          LUT6 (Prop_lut6_I1_O)        0.326     5.130 f  cout_OBUF_inst_i_4/O
                         net (fo=1, routed)           1.117     6.247    cout_OBUF_inst_i_4_n_0
    SLICE_X0Y28          LUT6 (Prop_lut6_I4_O)        0.124     6.371 r  cout_OBUF_inst_i_1/O
                         net (fo=1, routed)           2.457     8.829    cout_OBUF
    R7                   OBUF (Prop_obuf_I_O)         2.593    11.422 r  cout_OBUF_inst/O
                         net (fo=0)                   0.000    11.422    cout
    R7                                                                r  cout (OUT)
  -------------------------------------------------------------------    -------------------

Slack:                    inf
  Source:                 a[1]
                            (input port)
  Destination:            sum[7]
                            (output port)
  Path Group:             (none)
  Path Type:              Max at Slow Process Corner
  Data Path Delay:        11.420ns  (logic 4.196ns (36.742%)  route 7.224ns (63.258%))
  Logic Levels:           6  (IBUF=1 LUT4=2 LUT6=2 OBUF=1)

    Location             Delay type                Incr(ns)  Path(ns)    Netlist Resource(s)
  -------------------------------------------------------------------    -------------------
    W5                                                0.000     0.000 r  a[1] (IN)
                         net (fo=0)                   0.000     0.000    a[1]
    W5                   IBUF (Prop_ibuf_I_O)         0.935     0.935 r  a_IBUF[1]_inst/O
                         net (fo=5, routed)           2.145     3.080    a_IBUF[1]
    SLICE_X1Y20          LUT6 (Prop_lut6_I2_O)        0.124     3.204 r  sum_OBUF[5]_inst_i_3/O
                         net (fo=3, routed)           0.653     3.857    sum_OBUF[5]_inst_i_3_n_0
    SLICE_X0Y20          LUT4 (Prop_lut4_I0_O)        0.124     3.981 f  sum_OBUF[15]_inst_i_11/O
                         net (fo=4, routed)           1.437     5.418    sum_OBUF[15]_inst_i_11_n_0
    SLICE_X0Y22          LUT4 (Prop_lut4_I1_O)        0.124     5.542 r  sum_OBUF[7]_inst_i_3/O
                         net (fo=2, routed)           0.682     6.224    sum_OBUF[7]_inst_i_3_n_0
    SLICE_X0Y22          LUT6 (Prop_lut6_I3_O)        0.124     6.348 r  sum_OBUF[7]_inst_i_1/O
                         net (fo=1, routed)           2.308     8.656    sum_OBUF[7]
    U12                  OBUF (Prop_obuf_I_O)         2.765    11.420 r  sum_OBUF[7]_inst/O
                         net (fo=0)                   0.000    11.420    sum[7]
    U12                                                               r  sum[7] (OUT)
  -------------------------------------------------------------------    -------------------

Slack:                    inf
  Source:                 a[1]
                            (input port)
  Destination:            sum[11]
                            (output port)
  Path Group:             (none)
  Path Type:              Max at Slow Process Corner
  Data Path Delay:        11.177ns  (logic 4.184ns (37.438%)  route 6.992ns (62.562%))
  Logic Levels:           6  (IBUF=1 LUT4=1 LUT6=3 OBUF=1)

    Location             Delay type                Incr(ns)  Path(ns)    Netlist Resource(s)
  -------------------------------------------------------------------    -------------------
    W5                                                0.000     0.000 r  a[1] (IN)
                         net (fo=0)                   0.000     0.000    a[1]
    W5                   IBUF (Prop_ibuf_I_O)         0.935     0.935 r  a_IBUF[1]_inst/O
                         net (fo=5, routed)           2.145     3.080    a_IBUF[1]
    SLICE_X1Y20          LUT6 (Prop_lut6_I2_O)        0.124     3.204 r  sum_OBUF[5]_inst_i_3/O
                         net (fo=3, routed)           0.653     3.857    sum_OBUF[5]_inst_i_3_n_0
    SLICE_X0Y20          LUT4 (Prop_lut4_I0_O)        0.124     3.981 f  sum_OBUF[15]_inst_i_11/O
                         net (fo=4, routed)           1.594     5.575    sum_OBUF[15]_inst_i_11_n_0
    SLICE_X0Y23          LUT6 (Prop_lut6_I3_O)        0.124     5.699 r  sum_OBUF[11]_inst_i_3/O
                         net (fo=3, routed)           0.324     6.023    sum_OBUF[11]_inst_i_3_n_0
    SLICE_X0Y24          LUT6 (Prop_lut6_I5_O)        0.124     6.147 r  sum_OBUF[11]_inst_i_1/O
                         net (fo=1, routed)           2.277     8.424    sum_OBUF[11]
    W11                  OBUF (Prop_obuf_I_O)         2.753    11.177 r  sum_OBUF[11]_inst/O
                         net (fo=0)                   0.000    11.177    sum[11]
    W11                                                               r  sum[11] (OUT)
  -------------------------------------------------------------------    -------------------





Min Delay Paths
--------------------------------------------------------------------------------------
Slack:                    inf
  Source:                 b[5]
                            (input port)
  Destination:            sum[5]
                            (output port)
  Path Group:             (none)
  Path Type:              Min at Fast Process Corner
  Data Path Delay:        2.382ns  (logic 1.472ns (61.794%)  route 0.910ns (38.206%))
  Logic Levels:           3  (IBUF=1 LUT5=1 OBUF=1)

    Location             Delay type                Incr(ns)  Path(ns)    Netlist Resource(s)
  -------------------------------------------------------------------    -------------------
    AA6                                               0.000     0.000 r  b[5] (IN)
                         net (fo=0)                   0.000     0.000    b[5]
    AA6                  IBUF (Prop_ibuf_I_O)         0.208     0.208 r  b_IBUF[5]_inst/O
                         net (fo=5, routed)           0.349     0.557    b_IBUF[5]
    SLICE_X0Y21          LUT5 (Prop_lut5_I1_O)        0.048     0.605 r  sum_OBUF[5]_inst_i_1/O
                         net (fo=1, routed)           0.561     1.166    sum_OBUF[5]
    U10                  OBUF (Prop_obuf_I_O)         1.215     2.382 r  sum_OBUF[5]_inst/O
                         net (fo=0)                   0.000     2.382    sum[5]
    U10                                                               r  sum[5] (OUT)
  -------------------------------------------------------------------    -------------------

Slack:                    inf
  Source:                 b[4]
                            (input port)
  Destination:            sum[4]
                            (output port)
  Path Group:             (none)
  Path Type:              Min at Fast Process Corner
  Data Path Delay:        2.400ns  (logic 1.395ns (58.130%)  route 1.005ns (41.870%))
  Logic Levels:           3  (IBUF=1 LUT3=1 OBUF=1)

    Location             Delay type                Incr(ns)  Path(ns)    Netlist Resource(s)
  -------------------------------------------------------------------    -------------------
    AB2                                               0.000     0.000 r  b[4] (IN)
                         net (fo=0)                   0.000     0.000    b[4]
    AB2                  IBUF (Prop_ibuf_I_O)         0.217     0.217 r  b_IBUF[4]_inst/O
                         net (fo=7, routed)           0.458     0.675    b_IBUF[4]
    SLICE_X0Y21          LUT3 (Prop_lut3_I1_O)        0.045     0.720 r  sum_OBUF[4]_inst_i_1/O
                         net (fo=1, routed)           0.547     1.267    sum_OBUF[4]
    U9                   OBUF (Prop_obuf_I_O)         1.133     2.400 r  sum_OBUF[4]_inst/O
                         net (fo=0)                   0.000     2.400    sum[4]
    U9                                                                r  sum[4] (OUT)
  -------------------------------------------------------------------    -------------------

Slack:                    inf
  Source:                 b[1]
                            (input port)
  Destination:            sum[1]
                            (output port)
  Path Group:             (none)
  Path Type:              Min at Fast Process Corner
  Data Path Delay:        2.432ns  (logic 1.465ns (60.222%)  route 0.968ns (39.778%))
  Logic Levels:           3  (IBUF=1 LUT5=1 OBUF=1)

    Location             Delay type                Incr(ns)  Path(ns)    Netlist Resource(s)
  -------------------------------------------------------------------    -------------------
    AB4                                               0.000     0.000 r  b[1] (IN)
                         net (fo=0)                   0.000     0.000    b[1]
    AB4                  IBUF (Prop_ibuf_I_O)         0.195     0.195 r  b_IBUF[1]_inst/O
                         net (fo=5, routed)           0.431     0.626    b_IBUF[1]
    SLICE_X0Y20          LUT5 (Prop_lut5_I1_O)        0.045     0.671 r  sum_OBUF[1]_inst_i_1/O
                         net (fo=1, routed)           0.537     1.208    sum_OBUF[1]
    AA11                 OBUF (Prop_obuf_I_O)         1.225     2.432 r  sum_OBUF[1]_inst/O
                         net (fo=0)                   0.000     2.432    sum[1]
    AA11                                                              r  sum[1] (OUT)
  -------------------------------------------------------------------    -------------------

Slack:                    inf
  Source:                 b[12]
                            (input port)
  Destination:            sum[14]
                            (output port)
  Path Group:             (none)
  Path Type:              Min at Fast Process Corner
  Data Path Delay:        2.480ns  (logic 1.432ns (57.733%)  route 1.048ns (42.267%))
  Logic Levels:           3  (IBUF=1 LUT6=1 OBUF=1)

    Location             Delay type                Incr(ns)  Path(ns)    Netlist Resource(s)
  -------------------------------------------------------------------    -------------------
    AA9                                               0.000     0.000 r  b[12] (IN)
                         net (fo=0)                   0.000     0.000    b[12]
    AA9                  IBUF (Prop_ibuf_I_O)         0.236     0.236 r  b_IBUF[12]_inst/O
                         net (fo=7, routed)           0.458     0.694    b_IBUF[12]
    SLICE_X0Y27          LUT6 (Prop_lut6_I5_O)        0.045     0.739 r  sum_OBUF[14]_inst_i_1/O
                         net (fo=1, routed)           0.591     1.329    sum_OBUF[14]
    V9                   OBUF (Prop_obuf_I_O)         1.151     2.480 r  sum_OBUF[14]_inst/O
                         net (fo=0)                   0.000     2.480    sum[14]
    V9                                                                r  sum[14] (OUT)
  -------------------------------------------------------------------    -------------------

Slack:                    inf
  Source:                 b[1]
                            (input port)
  Destination:            sum[3]
                            (output port)
  Path Group:             (none)
  Path Type:              Min at Fast Process Corner
  Data Path Delay:        2.488ns  (logic 1.456ns (58.527%)  route 1.032ns (41.473%))
  Logic Levels:           3  (IBUF=1 LUT6=1 OBUF=1)

    Location             Delay type                Incr(ns)  Path(ns)    Netlist Resource(s)
  -------------------------------------------------------------------    -------------------
    AB4                                               0.000     0.000 r  b[1] (IN)
                         net (fo=0)                   0.000     0.000    b[1]
    AB4                  IBUF (Prop_ibuf_I_O)         0.195     0.195 r  b_IBUF[1]_inst/O
                         net (fo=5, routed)           0.423     0.618    b_IBUF[1]
    SLICE_X1Y20          LUT6 (Prop_lut6_I2_O)        0.045     0.663 r  sum_OBUF[3]_inst_i_1/O
                         net (fo=1, routed)           0.609     1.272    sum_OBUF[3]
    AA12                 OBUF (Prop_obuf_I_O)         1.216     2.488 r  sum_OBUF[3]_inst/O
                         net (fo=0)                   0.000     2.488    sum[3]
    AA12                                                              r  sum[3] (OUT)
  -------------------------------------------------------------------    -------------------

Slack:                    inf
  Source:                 b[1]
                            (input port)
  Destination:            sum[2]
                            (output port)
  Path Group:             (none)
  Path Type:              Min at Fast Process Corner
  Data Path Delay:        2.491ns  (logic 1.514ns (60.759%)  route 0.978ns (39.241%))
  Logic Levels:           3  (IBUF=1 LUT5=1 OBUF=1)

    Location             Delay type                Incr(ns)  Path(ns)    Netlist Resource(s)
  -------------------------------------------------------------------    -------------------
    AB4                                               0.000     0.000 r  b[1] (IN)
                         net (fo=0)                   0.000     0.000    b[1]
    AB4                  IBUF (Prop_ibuf_I_O)         0.195     0.195 r  b_IBUF[1]_inst/O
                         net (fo=5, routed)           0.422     0.617    b_IBUF[1]
    SLICE_X1Y20          LUT5 (Prop_lut5_I2_O)        0.048     0.665 r  sum_OBUF[2]_inst_i_1/O
                         net (fo=1, routed)           0.555     1.221    sum_OBUF[2]
    AB12                 OBUF (Prop_obuf_I_O)         1.270     2.491 r  sum_OBUF[2]_inst/O
                         net (fo=0)                   0.000     2.491    sum[2]
    AB12                                                              r  sum[2] (OUT)
  -------------------------------------------------------------------    -------------------

Slack:                    inf
  Source:                 b[12]
                            (input port)
  Destination:            sum[15]
                            (output port)
  Path Group:             (none)
  Path Type:              Min at Fast Process Corner
  Data Path Delay:        2.556ns  (logic 1.489ns (58.265%)  route 1.067ns (41.735%))
  Logic Levels:           4  (IBUF=1 LUT6=2 OBUF=1)

    Location             Delay type                Incr(ns)  Path(ns)    Netlist Resource(s)
  -------------------------------------------------------------------    -------------------
    AA9                                               0.000     0.000 r  b[12] (IN)
                         net (fo=0)                   0.000     0.000    b[12]
    AA9                  IBUF (Prop_ibuf_I_O)         0.236     0.236 r  b_IBUF[12]_inst/O
                         net (fo=7, routed)           0.371     0.607    b_IBUF[12]
    SLICE_X0Y27          LUT6 (Prop_lut6_I1_O)        0.045     0.652 r  sum_OBUF[15]_inst_i_6/O
                         net (fo=1, routed)           0.089     0.741    sum_OBUF[15]_inst_i_6_n_0
    SLICE_X0Y27          LUT6 (Prop_lut6_I4_O)        0.045     0.786 r  sum_OBUF[15]_inst_i_1/O
                         net (fo=1, routed)           0.607     1.393    sum_OBUF[15]
    V10                  OBUF (Prop_obuf_I_O)         1.163     2.556 r  sum_OBUF[15]_inst/O
                         net (fo=0)                   0.000     2.556    sum[15]
    V10                                                               r  sum[15] (OUT)
  -------------------------------------------------------------------    -------------------

Slack:                    inf
  Source:                 b[12]
                            (input port)
  Destination:            sum[12]
                            (output port)
  Path Group:             (none)
  Path Type:              Min at Fast Process Corner
  Data Path Delay:        2.587ns  (logic 1.527ns (59.033%)  route 1.060ns (40.967%))
  Logic Levels:           3  (IBUF=1 LUT3=1 OBUF=1)

    Location             Delay type                Incr(ns)  Path(ns)    Netlist Resource(s)
  -------------------------------------------------------------------    -------------------
    AA9                                               0.000     0.000 r  b[12] (IN)
                         net (fo=0)                   0.000     0.000    b[12]
    AA9                  IBUF (Prop_ibuf_I_O)         0.236     0.236 r  b_IBUF[12]_inst/O
                         net (fo=7, routed)           0.485     0.721    b_IBUF[12]
    SLICE_X0Y28          LUT3 (Prop_lut3_I2_O)        0.045     0.766 r  sum_OBUF[12]_inst_i_1/O
                         net (fo=1, routed)           0.575     1.341    sum_OBUF[12]
    W8                   OBUF (Prop_obuf_I_O)         1.246     2.587 r  sum_OBUF[12]_inst/O
                         net (fo=0)                   0.000     2.587    sum[12]
    W8                                                                r  sum[12] (OUT)
  -------------------------------------------------------------------    -------------------

Slack:                    inf
  Source:                 b[12]
                            (input port)
  Destination:            cout
                            (output port)
  Path Group:             (none)
  Path Type:              Min at Fast Process Corner
  Data Path Delay:        2.603ns  (logic 1.391ns (53.459%)  route 1.211ns (46.541%))
  Logic Levels:           3  (IBUF=1 LUT6=1 OBUF=1)

    Location             Delay type                Incr(ns)  Path(ns)    Netlist Resource(s)
  -------------------------------------------------------------------    -------------------
    AA9                                               0.000     0.000 r  b[12] (IN)
                         net (fo=0)                   0.000     0.000    b[12]
    AA9                  IBUF (Prop_ibuf_I_O)         0.236     0.236 r  b_IBUF[12]_inst/O
                         net (fo=7, routed)           0.547     0.783    b_IBUF[12]
    SLICE_X0Y28          LUT6 (Prop_lut6_I2_O)        0.045     0.828 r  cout_OBUF_inst_i_1/O
                         net (fo=1, routed)           0.664     1.492    cout_OBUF
    R7                   OBUF (Prop_obuf_I_O)         1.110     2.603 r  cout_OBUF_inst/O
                         net (fo=0)                   0.000     2.603    cout
    R7                                                                r  cout (OUT)
  -------------------------------------------------------------------    -------------------

Slack:                    inf
  Source:                 b[6]
                            (input port)
  Destination:            sum[7]
                            (output port)
  Path Group:             (none)
  Path Type:              Min at Fast Process Corner
  Data Path Delay:        2.615ns  (logic 1.540ns (58.911%)  route 1.074ns (41.089%))
  Logic Levels:           3  (IBUF=1 LUT6=1 OBUF=1)

    Location             Delay type                Incr(ns)  Path(ns)    Netlist Resource(s)
  -------------------------------------------------------------------    -------------------
    AA7                                               0.000     0.000 r  b[6] (IN)
                         net (fo=0)                   0.000     0.000    b[6]
    AA7                  IBUF (Prop_ibuf_I_O)         0.215     0.215 r  b_IBUF[6]_inst/O
                         net (fo=4, routed)           0.459     0.675    b_IBUF[6]
    SLICE_X0Y22          LUT6 (Prop_lut6_I2_O)        0.045     0.720 r  sum_OBUF[7]_inst_i_1/O
                         net (fo=1, routed)           0.615     1.335    sum_OBUF[7]
    U12                  OBUF (Prop_obuf_I_O)         1.280     2.615 r  sum_OBUF[7]_inst/O
                         net (fo=0)                   0.000     2.615    sum[7]
    U12                                                               r  sum[7] (OUT)
  -------------------------------------------------------------------    -------------------





