Copyright 1986-2022 Xilinx, Inc. All Rights Reserved. Copyright 2022-2023 Advanced Micro Devices, Inc. All Rights Reserved.
---------------------------------------------------------------------------------------------------------------------------------------------------------------------------------------------------------------------------------------------------------------
| Tool Version : Vivado v.2023.2 (win64) Build 4029153 Fri Oct 13 20:14:34 MDT 2023
| Date         : Sun May 31 14:52:40 2026
| Host         : VISHWAS_POOJA running 64-bit major release  (build 9200)
| Command      : report_timing_summary -max_paths 10 -report_unconstrained -file ripplecarry_gen_addder_timing_summary_routed.rpt -pb ripplecarry_gen_addder_timing_summary_routed.pb -rpx ripplecarry_gen_addder_timing_summary_routed.rpx -warn_on_violation
| Design       : ripplecarry_gen_addder
| Device       : 7z020-clg484
| Speed File   : -1  PRODUCTION 1.12 2019-11-22
| Design State : Routed
---------------------------------------------------------------------------------------------------------------------------------------------------------------------------------------------------------------------------------------------------------------

Timing Summary Report

------------------------------------------------------------------------------------------------
| Timer Settings
| --------------
------------------------------------------------------------------------------------------------

  Enable Multi Corner Analysis               :  Yes
  Enable Pessimism Removal                   :  Yes
  Pessimism Removal Resolution               :  Nearest Common Node
  Enable Input Delay Default Clock           :  No
  Enable Preset / Clear Arcs                 :  No
  Disable Flight Delays                      :  No
  Ignore I/O Paths                           :  No
  Timing Early Launch at Borrowing Latches   :  No
  Borrow Time for Max Delay Exceptions       :  Yes
  Merge Timing Exceptions                    :  Yes
  Inter-SLR Compensation                     :  Conservative

  Corner  Analyze    Analyze    
  Name    Max Paths  Min Paths  
  ------  ---------  ---------  
  Slow    Yes        Yes        
  Fast    Yes        Yes        


------------------------------------------------------------------------------------------------
| Report Methodology
| ------------------
------------------------------------------------------------------------------------------------

No report available as report_methodology has not been run prior. Run report_methodology on the current design for the summary of methodology violations.



check_timing report

Table of Contents
-----------------
1. checking no_clock (0)
2. checking constant_clock (0)
3. checking pulse_width_clock (0)
4. checking unconstrained_internal_endpoints (0)
5. checking no_input_delay (0)
6. checking no_output_delay (0)
7. checking multiple_clock (0)
8. checking generated_clocks (0)
9. checking loops (0)
10. checking partial_input_delay (0)
11. checking partial_output_delay (0)
12. checking latch_loops (0)

1. checking no_clock (0)
------------------------
 There are 0 register/latch pins with no clock.


2. checking constant_clock (0)
------------------------------
 There are 0 register/latch pins with constant_clock.


3. checking pulse_width_clock (0)
---------------------------------
 There are 0 register/latch pins which need pulse_width check


4. checking unconstrained_internal_endpoints (0)
------------------------------------------------
 There are 0 pins that are not constrained for maximum delay.

 There are 0 pins that are not constrained for maximum delay due to constant clock.


5. checking no_input_delay (0)
------------------------------
 There are 0 input ports with no input delay specified.

 There are 0 input ports with no input delay but user has a false path constraint.


6. checking no_output_delay (0)
-------------------------------
 There are 0 ports with no output delay specified.

 There are 0 ports with no output delay but user has a false path constraint

 There are 0 ports with no output delay but with a timing clock defined on it or propagating through it


7. checking multiple_clock (0)
------------------------------
 There are 0 register/latch pins with multiple clocks.


8. checking generated_clocks (0)
--------------------------------
 There are 0 generated clocks that are not connected to a clock source.


9. checking loops (0)
---------------------
 There are 0 combinational loops in the design.


10. checking partial_input_delay (0)
------------------------------------
 There are 0 input ports with partial input delay specified.


11. checking partial_output_delay (0)
-------------------------------------
 There are 0 ports with partial output delay specified.


12. checking latch_loops (0)
----------------------------
 There are 0 combinational latch loops in the design through latch input



------------------------------------------------------------------------------------------------
| Design Timing Summary
| ---------------------
------------------------------------------------------------------------------------------------

    WNS(ns)      TNS(ns)  TNS Failing Endpoints  TNS Total Endpoints      WHS(ns)      THS(ns)  THS Failing Endpoints  THS Total Endpoints     WPWS(ns)     TPWS(ns)  TPWS Failing Endpoints  TPWS Total Endpoints  
    -------      -------  ---------------------  -------------------      -------      -------  ---------------------  -------------------     --------     --------  ----------------------  --------------------  
        inf        0.000                      0                   33          inf        0.000                      0                   33           NA           NA                      NA                    NA  


There are no user specified timing constraints.


------------------------------------------------------------------------------------------------
| Clock Summary
| -------------
------------------------------------------------------------------------------------------------


------------------------------------------------------------------------------------------------
| Intra Clock Table
| -----------------
------------------------------------------------------------------------------------------------

Clock             WNS(ns)      TNS(ns)  TNS Failing Endpoints  TNS Total Endpoints      WHS(ns)      THS(ns)  THS Failing Endpoints  THS Total Endpoints     WPWS(ns)     TPWS(ns)  TPWS Failing Endpoints  TPWS Total Endpoints  
-----             -------      -------  ---------------------  -------------------      -------      -------  ---------------------  -------------------     --------     --------  ----------------------  --------------------  


------------------------------------------------------------------------------------------------
| Inter Clock Table
| -----------------
------------------------------------------------------------------------------------------------

From Clock    To Clock          WNS(ns)      TNS(ns)  TNS Failing Endpoints  TNS Total Endpoints      WHS(ns)      THS(ns)  THS Failing Endpoints  THS Total Endpoints  
----------    --------          -------      -------  ---------------------  -------------------      -------      -------  ---------------------  -------------------  


------------------------------------------------------------------------------------------------
| Other Path Groups Table
| -----------------------
------------------------------------------------------------------------------------------------

Path Group    From Clock    To Clock          WNS(ns)      TNS(ns)  TNS Failing Endpoints  TNS Total Endpoints      WHS(ns)      THS(ns)  THS Failing Endpoints  THS Total Endpoints  
----------    ----------    --------          -------      -------  ---------------------  -------------------      -------      -------  ---------------------  -------------------  


------------------------------------------------------------------------------------------------
| User Ignored Path Table
| -----------------------
------------------------------------------------------------------------------------------------

Path Group    From Clock    To Clock    
----------    ----------    --------    


------------------------------------------------------------------------------------------------
| Unconstrained Path Table
| ------------------------
------------------------------------------------------------------------------------------------

Path Group    From Clock    To Clock    
----------    ----------    --------    
(none)                                    


------------------------------------------------------------------------------------------------
| Timing Details
| --------------
------------------------------------------------------------------------------------------------


--------------------------------------------------------------------------------------
Path Group:  (none)
From Clock:  
  To Clock:  

Max Delay            33 Endpoints
Min Delay            33 Endpoints
--------------------------------------------------------------------------------------


Max Delay Paths
--------------------------------------------------------------------------------------
Slack:                    inf
  Source:                 b[1]
                            (input port)
  Destination:            cout
                            (output port)
  Path Group:             (none)
  Path Type:              Max at Slow Process Corner
  Data Path Delay:        29.340ns  (logic 9.013ns (30.719%)  route 20.327ns (69.281%))
  Logic Levels:           18  (IBUF=1 LUT5=16 OBUF=1)

    Location             Delay type                Incr(ns)  Path(ns)    Netlist Resource(s)
  -------------------------------------------------------------------    -------------------
    W5                                                0.000     0.000 r  b[1] (IN)
                         net (fo=0)                   0.000     0.000    b[1]
    W5                   IBUF (Prop_ibuf_I_O)         0.935     0.935 r  b_IBUF[1]_inst/O
                         net (fo=2, routed)           3.816     4.751    b_IBUF[1]
    SLICE_X113Y1         LUT5 (Prop_lut5_I4_O)        0.152     4.903 r  sum_OBUF[3]_inst_i_2/O
                         net (fo=3, routed)           1.011     5.914    carry_2
    SLICE_X113Y3         LUT5 (Prop_lut5_I2_O)        0.354     6.268 r  sum_OBUF[5]_inst_i_2/O
                         net (fo=3, routed)           0.779     7.046    carry_4
    SLICE_X113Y5         LUT5 (Prop_lut5_I2_O)        0.352     7.398 r  sum_OBUF[7]_inst_i_2/O
                         net (fo=3, routed)           1.007     8.405    carry_6
    SLICE_X112Y7         LUT5 (Prop_lut5_I2_O)        0.348     8.753 r  sum_OBUF[9]_inst_i_2/O
                         net (fo=3, routed)           1.025     9.778    carry_8
    SLICE_X112Y9         LUT5 (Prop_lut5_I2_O)        0.328    10.106 r  sum_OBUF[11]_inst_i_2/O
                         net (fo=3, routed)           0.673    10.779    carry_1011_out
    SLICE_X112Y11        LUT5 (Prop_lut5_I2_O)        0.148    10.927 r  sum_OBUF[13]_inst_i_2/O
                         net (fo=3, routed)           1.025    11.953    carry_12
    SLICE_X112Y13        LUT5 (Prop_lut5_I2_O)        0.354    12.307 r  sum_OBUF[15]_inst_i_2/O
                         net (fo=3, routed)           1.025    13.332    carry_14
    SLICE_X112Y15        LUT5 (Prop_lut5_I2_O)        0.354    13.686 r  sum_OBUF[17]_inst_i_2/O
                         net (fo=3, routed)           1.025    14.712    carry_16
    SLICE_X112Y17        LUT5 (Prop_lut5_I2_O)        0.354    15.066 r  sum_OBUF[19]_inst_i_2/O
                         net (fo=3, routed)           1.025    16.091    carry_18
    SLICE_X112Y19        LUT5 (Prop_lut5_I2_O)        0.354    16.445 r  sum_OBUF[21]_inst_i_2/O
                         net (fo=3, routed)           1.025    17.470    carry_2023_out
    SLICE_X112Y21        LUT5 (Prop_lut5_I2_O)        0.354    17.824 r  sum_OBUF[23]_inst_i_2/O
                         net (fo=3, routed)           1.010    18.835    carry_22
    SLICE_X113Y23        LUT5 (Prop_lut5_I2_O)        0.356    19.191 r  sum_OBUF[25]_inst_i_2/O
                         net (fo=3, routed)           1.041    20.232    carry_24
    SLICE_X113Y25        LUT5 (Prop_lut5_I2_O)        0.354    20.586 r  sum_OBUF[27]_inst_i_2/O
                         net (fo=3, routed)           1.011    21.596    carry_26
    SLICE_X113Y27        LUT5 (Prop_lut5_I2_O)        0.354    21.950 r  sum_OBUF[29]_inst_i_2/O
                         net (fo=3, routed)           1.011    22.961    carry_28
    SLICE_X113Y29        LUT5 (Prop_lut5_I2_O)        0.354    23.315 r  sum_OBUF[31]_inst_i_2/O
                         net (fo=3, routed)           1.011    24.326    carry_3035_out
    SLICE_X113Y31        LUT5 (Prop_lut5_I2_O)        0.354    24.680 r  cout_OBUF_inst_i_1/O
                         net (fo=1, routed)           1.807    26.487    cout_OBUF
    AB21                 OBUF (Prop_obuf_I_O)         2.853    29.340 r  cout_OBUF_inst/O
                         net (fo=0)                   0.000    29.340    cout
    AB21                                                              r  cout (OUT)
  -------------------------------------------------------------------    -------------------

Slack:                    inf
  Source:                 b[1]
                            (input port)
  Destination:            sum[31]
                            (output port)
  Path Group:             (none)
  Path Type:              Max at Slow Process Corner
  Data Path Delay:        28.948ns  (logic 8.755ns (30.245%)  route 20.192ns (69.755%))
  Logic Levels:           18  (IBUF=1 LUT5=16 OBUF=1)

    Location             Delay type                Incr(ns)  Path(ns)    Netlist Resource(s)
  -------------------------------------------------------------------    -------------------
    W5                                                0.000     0.000 r  b[1] (IN)
                         net (fo=0)                   0.000     0.000    b[1]
    W5                   IBUF (Prop_ibuf_I_O)         0.935     0.935 r  b_IBUF[1]_inst/O
                         net (fo=2, routed)           3.816     4.751    b_IBUF[1]
    SLICE_X113Y1         LUT5 (Prop_lut5_I4_O)        0.152     4.903 r  sum_OBUF[3]_inst_i_2/O
                         net (fo=3, routed)           1.011     5.914    carry_2
    SLICE_X113Y3         LUT5 (Prop_lut5_I2_O)        0.354     6.268 r  sum_OBUF[5]_inst_i_2/O
                         net (fo=3, routed)           0.779     7.046    carry_4
    SLICE_X113Y5         LUT5 (Prop_lut5_I2_O)        0.352     7.398 r  sum_OBUF[7]_inst_i_2/O
                         net (fo=3, routed)           1.007     8.405    carry_6
    SLICE_X112Y7         LUT5 (Prop_lut5_I2_O)        0.348     8.753 r  sum_OBUF[9]_inst_i_2/O
                         net (fo=3, routed)           1.025     9.778    carry_8
    SLICE_X112Y9         LUT5 (Prop_lut5_I2_O)        0.328    10.106 r  sum_OBUF[11]_inst_i_2/O
                         net (fo=3, routed)           0.673    10.779    carry_1011_out
    SLICE_X112Y11        LUT5 (Prop_lut5_I2_O)        0.148    10.927 r  sum_OBUF[13]_inst_i_2/O
                         net (fo=3, routed)           1.025    11.953    carry_12
    SLICE_X112Y13        LUT5 (Prop_lut5_I2_O)        0.354    12.307 r  sum_OBUF[15]_inst_i_2/O
                         net (fo=3, routed)           1.025    13.332    carry_14
    SLICE_X112Y15        LUT5 (Prop_lut5_I2_O)        0.354    13.686 r  sum_OBUF[17]_inst_i_2/O
                         net (fo=3, routed)           1.025    14.712    carry_16
    SLICE_X112Y17        LUT5 (Prop_lut5_I2_O)        0.354    15.066 r  sum_OBUF[19]_inst_i_2/O
                         net (fo=3, routed)           1.025    16.091    carry_18
    SLICE_X112Y19        LUT5 (Prop_lut5_I2_O)        0.354    16.445 r  sum_OBUF[21]_inst_i_2/O
                         net (fo=3, routed)           1.025    17.470    carry_2023_out
    SLICE_X112Y21        LUT5 (Prop_lut5_I2_O)        0.354    17.824 r  sum_OBUF[23]_inst_i_2/O
                         net (fo=3, routed)           1.010    18.835    carry_22
    SLICE_X113Y23        LUT5 (Prop_lut5_I2_O)        0.356    19.191 r  sum_OBUF[25]_inst_i_2/O
                         net (fo=3, routed)           1.041    20.232    carry_24
    SLICE_X113Y25        LUT5 (Prop_lut5_I2_O)        0.354    20.586 r  sum_OBUF[27]_inst_i_2/O
                         net (fo=3, routed)           1.011    21.596    carry_26
    SLICE_X113Y27        LUT5 (Prop_lut5_I2_O)        0.354    21.950 r  sum_OBUF[29]_inst_i_2/O
                         net (fo=3, routed)           1.011    22.961    carry_28
    SLICE_X113Y29        LUT5 (Prop_lut5_I2_O)        0.354    23.315 r  sum_OBUF[31]_inst_i_2/O
                         net (fo=3, routed)           1.011    24.326    carry_3035_out
    SLICE_X113Y31        LUT5 (Prop_lut5_I3_O)        0.326    24.652 r  sum_OBUF[31]_inst_i_1/O
                         net (fo=1, routed)           1.672    26.324    sum_OBUF[31]
    Y20                  OBUF (Prop_obuf_I_O)         2.624    28.948 r  sum_OBUF[31]_inst/O
                         net (fo=0)                   0.000    28.948    sum[31]
    Y20                                                               r  sum[31] (OUT)
  -------------------------------------------------------------------    -------------------

Slack:                    inf
  Source:                 b[1]
                            (input port)
  Destination:            sum[30]
                            (output port)
  Path Group:             (none)
  Path Type:              Max at Slow Process Corner
  Data Path Delay:        28.099ns  (logic 8.757ns (31.164%)  route 19.342ns (68.836%))
  Logic Levels:           18  (IBUF=1 LUT3=1 LUT5=15 OBUF=1)

    Location             Delay type                Incr(ns)  Path(ns)    Netlist Resource(s)
  -------------------------------------------------------------------    -------------------
    W5                                                0.000     0.000 r  b[1] (IN)
                         net (fo=0)                   0.000     0.000    b[1]
    W5                   IBUF (Prop_ibuf_I_O)         0.935     0.935 r  b_IBUF[1]_inst/O
                         net (fo=2, routed)           3.816     4.751    b_IBUF[1]
    SLICE_X113Y1         LUT5 (Prop_lut5_I4_O)        0.152     4.903 r  sum_OBUF[3]_inst_i_2/O
                         net (fo=3, routed)           1.011     5.914    carry_2
    SLICE_X113Y3         LUT5 (Prop_lut5_I2_O)        0.354     6.268 r  sum_OBUF[5]_inst_i_2/O
                         net (fo=3, routed)           0.779     7.046    carry_4
    SLICE_X113Y5         LUT5 (Prop_lut5_I2_O)        0.352     7.398 r  sum_OBUF[7]_inst_i_2/O
                         net (fo=3, routed)           1.007     8.405    carry_6
    SLICE_X112Y7         LUT5 (Prop_lut5_I2_O)        0.348     8.753 r  sum_OBUF[9]_inst_i_2/O
                         net (fo=3, routed)           1.025     9.778    carry_8
    SLICE_X112Y9         LUT5 (Prop_lut5_I2_O)        0.328    10.106 r  sum_OBUF[11]_inst_i_2/O
                         net (fo=3, routed)           0.673    10.779    carry_1011_out
    SLICE_X112Y11        LUT5 (Prop_lut5_I2_O)        0.148    10.927 r  sum_OBUF[13]_inst_i_2/O
                         net (fo=3, routed)           1.025    11.953    carry_12
    SLICE_X112Y13        LUT5 (Prop_lut5_I2_O)        0.354    12.307 r  sum_OBUF[15]_inst_i_2/O
                         net (fo=3, routed)           1.025    13.332    carry_14
    SLICE_X112Y15        LUT5 (Prop_lut5_I2_O)        0.354    13.686 r  sum_OBUF[17]_inst_i_2/O
                         net (fo=3, routed)           1.025    14.712    carry_16
    SLICE_X112Y17        LUT5 (Prop_lut5_I2_O)        0.354    15.066 r  sum_OBUF[19]_inst_i_2/O
                         net (fo=3, routed)           1.025    16.091    carry_18
    SLICE_X112Y19        LUT5 (Prop_lut5_I2_O)        0.354    16.445 r  sum_OBUF[21]_inst_i_2/O
                         net (fo=3, routed)           1.025    17.470    carry_2023_out
    SLICE_X112Y21        LUT5 (Prop_lut5_I2_O)        0.354    17.824 r  sum_OBUF[23]_inst_i_2/O
                         net (fo=3, routed)           1.010    18.835    carry_22
    SLICE_X113Y23        LUT5 (Prop_lut5_I2_O)        0.356    19.191 r  sum_OBUF[25]_inst_i_2/O
                         net (fo=3, routed)           1.041    20.232    carry_24
    SLICE_X113Y25        LUT5 (Prop_lut5_I2_O)        0.354    20.586 r  sum_OBUF[27]_inst_i_2/O
                         net (fo=3, routed)           1.011    21.596    carry_26
    SLICE_X113Y27        LUT5 (Prop_lut5_I2_O)        0.354    21.950 r  sum_OBUF[29]_inst_i_2/O
                         net (fo=3, routed)           1.011    22.961    carry_28
    SLICE_X113Y29        LUT5 (Prop_lut5_I2_O)        0.354    23.315 r  sum_OBUF[31]_inst_i_2/O
                         net (fo=3, routed)           0.307    23.622    carry_3035_out
    SLICE_X113Y31        LUT3 (Prop_lut3_I2_O)        0.326    23.948 r  sum_OBUF[30]_inst_i_1/O
                         net (fo=1, routed)           1.525    25.473    sum_OBUF[30]
    Y21                  OBUF (Prop_obuf_I_O)         2.625    28.099 r  sum_OBUF[30]_inst/O
                         net (fo=0)                   0.000    28.099    sum[30]
    Y21                                                               r  sum[30] (OUT)
  -------------------------------------------------------------------    -------------------

Slack:                    inf
  Source:                 b[1]
                            (input port)
  Destination:            sum[29]
                            (output port)
  Path Group:             (none)
  Path Type:              Max at Slow Process Corner
  Data Path Delay:        27.589ns  (logic 8.407ns (30.473%)  route 19.182ns (69.527%))
  Logic Levels:           17  (IBUF=1 LUT5=15 OBUF=1)

    Location             Delay type                Incr(ns)  Path(ns)    Netlist Resource(s)
  -------------------------------------------------------------------    -------------------
    W5                                                0.000     0.000 r  b[1] (IN)
                         net (fo=0)                   0.000     0.000    b[1]
    W5                   IBUF (Prop_ibuf_I_O)         0.935     0.935 r  b_IBUF[1]_inst/O
                         net (fo=2, routed)           3.816     4.751    b_IBUF[1]
    SLICE_X113Y1         LUT5 (Prop_lut5_I4_O)        0.152     4.903 r  sum_OBUF[3]_inst_i_2/O
                         net (fo=3, routed)           1.011     5.914    carry_2
    SLICE_X113Y3         LUT5 (Prop_lut5_I2_O)        0.354     6.268 r  sum_OBUF[5]_inst_i_2/O
                         net (fo=3, routed)           0.779     7.046    carry_4
    SLICE_X113Y5         LUT5 (Prop_lut5_I2_O)        0.352     7.398 r  sum_OBUF[7]_inst_i_2/O
                         net (fo=3, routed)           1.007     8.405    carry_6
    SLICE_X112Y7         LUT5 (Prop_lut5_I2_O)        0.348     8.753 r  sum_OBUF[9]_inst_i_2/O
                         net (fo=3, routed)           1.025     9.778    carry_8
    SLICE_X112Y9         LUT5 (Prop_lut5_I2_O)        0.328    10.106 r  sum_OBUF[11]_inst_i_2/O
                         net (fo=3, routed)           0.673    10.779    carry_1011_out
    SLICE_X112Y11        LUT5 (Prop_lut5_I2_O)        0.148    10.927 r  sum_OBUF[13]_inst_i_2/O
                         net (fo=3, routed)           1.025    11.953    carry_12
    SLICE_X112Y13        LUT5 (Prop_lut5_I2_O)        0.354    12.307 r  sum_OBUF[15]_inst_i_2/O
                         net (fo=3, routed)           1.025    13.332    carry_14
    SLICE_X112Y15        LUT5 (Prop_lut5_I2_O)        0.354    13.686 r  sum_OBUF[17]_inst_i_2/O
                         net (fo=3, routed)           1.025    14.712    carry_16
    SLICE_X112Y17        LUT5 (Prop_lut5_I2_O)        0.354    15.066 r  sum_OBUF[19]_inst_i_2/O
                         net (fo=3, routed)           1.025    16.091    carry_18
    SLICE_X112Y19        LUT5 (Prop_lut5_I2_O)        0.354    16.445 r  sum_OBUF[21]_inst_i_2/O
                         net (fo=3, routed)           1.025    17.470    carry_2023_out
    SLICE_X112Y21        LUT5 (Prop_lut5_I2_O)        0.354    17.824 r  sum_OBUF[23]_inst_i_2/O
                         net (fo=3, routed)           1.010    18.835    carry_22
    SLICE_X113Y23        LUT5 (Prop_lut5_I2_O)        0.356    19.191 r  sum_OBUF[25]_inst_i_2/O
                         net (fo=3, routed)           1.041    20.232    carry_24
    SLICE_X113Y25        LUT5 (Prop_lut5_I2_O)        0.354    20.586 r  sum_OBUF[27]_inst_i_2/O
                         net (fo=3, routed)           1.011    21.596    carry_26
    SLICE_X113Y27        LUT5 (Prop_lut5_I2_O)        0.354    21.950 r  sum_OBUF[29]_inst_i_2/O
                         net (fo=3, routed)           1.011    22.961    carry_28
    SLICE_X113Y29        LUT5 (Prop_lut5_I3_O)        0.326    23.287 r  sum_OBUF[29]_inst_i_1/O
                         net (fo=1, routed)           1.672    24.959    sum_OBUF[29]
    AB19                 OBUF (Prop_obuf_I_O)         2.630    27.589 r  sum_OBUF[29]_inst/O
                         net (fo=0)                   0.000    27.589    sum[29]
    AB19                                                              r  sum[29] (OUT)
  -------------------------------------------------------------------    -------------------

Slack:                    inf
  Source:                 b[1]
                            (input port)
  Destination:            sum[28]
                            (output port)
  Path Group:             (none)
  Path Type:              Max at Slow Process Corner
  Data Path Delay:        26.749ns  (logic 8.418ns (31.469%)  route 18.331ns (68.531%))
  Logic Levels:           17  (IBUF=1 LUT3=1 LUT5=14 OBUF=1)

    Location             Delay type                Incr(ns)  Path(ns)    Netlist Resource(s)
  -------------------------------------------------------------------    -------------------
    W5                                                0.000     0.000 r  b[1] (IN)
                         net (fo=0)                   0.000     0.000    b[1]
    W5                   IBUF (Prop_ibuf_I_O)         0.935     0.935 r  b_IBUF[1]_inst/O
                         net (fo=2, routed)           3.816     4.751    b_IBUF[1]
    SLICE_X113Y1         LUT5 (Prop_lut5_I4_O)        0.152     4.903 r  sum_OBUF[3]_inst_i_2/O
                         net (fo=3, routed)           1.011     5.914    carry_2
    SLICE_X113Y3         LUT5 (Prop_lut5_I2_O)        0.354     6.268 r  sum_OBUF[5]_inst_i_2/O
                         net (fo=3, routed)           0.779     7.046    carry_4
    SLICE_X113Y5         LUT5 (Prop_lut5_I2_O)        0.352     7.398 r  sum_OBUF[7]_inst_i_2/O
                         net (fo=3, routed)           1.007     8.405    carry_6
    SLICE_X112Y7         LUT5 (Prop_lut5_I2_O)        0.348     8.753 r  sum_OBUF[9]_inst_i_2/O
                         net (fo=3, routed)           1.025     9.778    carry_8
    SLICE_X112Y9         LUT5 (Prop_lut5_I2_O)        0.328    10.106 r  sum_OBUF[11]_inst_i_2/O
                         net (fo=3, routed)           0.673    10.779    carry_1011_out
    SLICE_X112Y11        LUT5 (Prop_lut5_I2_O)        0.148    10.927 r  sum_OBUF[13]_inst_i_2/O
                         net (fo=3, routed)           1.025    11.953    carry_12
    SLICE_X112Y13        LUT5 (Prop_lut5_I2_O)        0.354    12.307 r  sum_OBUF[15]_inst_i_2/O
                         net (fo=3, routed)           1.025    13.332    carry_14
    SLICE_X112Y15        LUT5 (Prop_lut5_I2_O)        0.354    13.686 r  sum_OBUF[17]_inst_i_2/O
                         net (fo=3, routed)           1.025    14.712    carry_16
    SLICE_X112Y17        LUT5 (Prop_lut5_I2_O)        0.354    15.066 r  sum_OBUF[19]_inst_i_2/O
                         net (fo=3, routed)           1.025    16.091    carry_18
    SLICE_X112Y19        LUT5 (Prop_lut5_I2_O)        0.354    16.445 r  sum_OBUF[21]_inst_i_2/O
                         net (fo=3, routed)           1.025    17.470    carry_2023_out
    SLICE_X112Y21        LUT5 (Prop_lut5_I2_O)        0.354    17.824 r  sum_OBUF[23]_inst_i_2/O
                         net (fo=3, routed)           1.010    18.835    carry_22
    SLICE_X113Y23        LUT5 (Prop_lut5_I2_O)        0.356    19.191 r  sum_OBUF[25]_inst_i_2/O
                         net (fo=3, routed)           1.041    20.232    carry_24
    SLICE_X113Y25        LUT5 (Prop_lut5_I2_O)        0.354    20.586 r  sum_OBUF[27]_inst_i_2/O
                         net (fo=3, routed)           1.011    21.596    carry_26
    SLICE_X113Y27        LUT5 (Prop_lut5_I2_O)        0.354    21.950 r  sum_OBUF[29]_inst_i_2/O
                         net (fo=3, routed)           0.307    22.258    carry_28
    SLICE_X113Y29        LUT3 (Prop_lut3_I2_O)        0.326    22.584 r  sum_OBUF[28]_inst_i_1/O
                         net (fo=1, routed)           1.525    24.109    sum_OBUF[28]
    AB20                 OBUF (Prop_obuf_I_O)         2.640    26.749 r  sum_OBUF[28]_inst/O
                         net (fo=0)                   0.000    26.749    sum[28]
    AB20                                                              r  sum[28] (OUT)
  -------------------------------------------------------------------    -------------------

Slack:                    inf
  Source:                 b[1]
                            (input port)
  Destination:            sum[27]
                            (output port)
  Path Group:             (none)
  Path Type:              Max at Slow Process Corner
  Data Path Delay:        26.241ns  (logic 8.070ns (30.753%)  route 18.171ns (69.247%))
  Logic Levels:           16  (IBUF=1 LUT5=14 OBUF=1)

    Location             Delay type                Incr(ns)  Path(ns)    Netlist Resource(s)
  -------------------------------------------------------------------    -------------------
    W5                                                0.000     0.000 r  b[1] (IN)
                         net (fo=0)                   0.000     0.000    b[1]
    W5                   IBUF (Prop_ibuf_I_O)         0.935     0.935 r  b_IBUF[1]_inst/O
                         net (fo=2, routed)           3.816     4.751    b_IBUF[1]
    SLICE_X113Y1         LUT5 (Prop_lut5_I4_O)        0.152     4.903 r  sum_OBUF[3]_inst_i_2/O
                         net (fo=3, routed)           1.011     5.914    carry_2
    SLICE_X113Y3         LUT5 (Prop_lut5_I2_O)        0.354     6.268 r  sum_OBUF[5]_inst_i_2/O
                         net (fo=3, routed)           0.779     7.046    carry_4
    SLICE_X113Y5         LUT5 (Prop_lut5_I2_O)        0.352     7.398 r  sum_OBUF[7]_inst_i_2/O
                         net (fo=3, routed)           1.007     8.405    carry_6
    SLICE_X112Y7         LUT5 (Prop_lut5_I2_O)        0.348     8.753 r  sum_OBUF[9]_inst_i_2/O
                         net (fo=3, routed)           1.025     9.778    carry_8
    SLICE_X112Y9         LUT5 (Prop_lut5_I2_O)        0.328    10.106 r  sum_OBUF[11]_inst_i_2/O
                         net (fo=3, routed)           0.673    10.779    carry_1011_out
    SLICE_X112Y11        LUT5 (Prop_lut5_I2_O)        0.148    10.927 r  sum_OBUF[13]_inst_i_2/O
                         net (fo=3, routed)           1.025    11.953    carry_12
    SLICE_X112Y13        LUT5 (Prop_lut5_I2_O)        0.354    12.307 r  sum_OBUF[15]_inst_i_2/O
                         net (fo=3, routed)           1.025    13.332    carry_14
    SLICE_X112Y15        LUT5 (Prop_lut5_I2_O)        0.354    13.686 r  sum_OBUF[17]_inst_i_2/O
                         net (fo=3, routed)           1.025    14.712    carry_16
    SLICE_X112Y17        LUT5 (Prop_lut5_I2_O)        0.354    15.066 r  sum_OBUF[19]_inst_i_2/O
                         net (fo=3, routed)           1.025    16.091    carry_18
    SLICE_X112Y19        LUT5 (Prop_lut5_I2_O)        0.354    16.445 r  sum_OBUF[21]_inst_i_2/O
                         net (fo=3, routed)           1.025    17.470    carry_2023_out
    SLICE_X112Y21        LUT5 (Prop_lut5_I2_O)        0.354    17.824 r  sum_OBUF[23]_inst_i_2/O
                         net (fo=3, routed)           1.010    18.835    carry_22
    SLICE_X113Y23        LUT5 (Prop_lut5_I2_O)        0.356    19.191 r  sum_OBUF[25]_inst_i_2/O
                         net (fo=3, routed)           1.041    20.232    carry_24
    SLICE_X113Y25        LUT5 (Prop_lut5_I2_O)        0.354    20.586 r  sum_OBUF[27]_inst_i_2/O
                         net (fo=3, routed)           1.011    21.596    carry_26
    SLICE_X113Y27        LUT5 (Prop_lut5_I3_O)        0.326    21.922 r  sum_OBUF[27]_inst_i_1/O
                         net (fo=1, routed)           1.672    23.595    sum_OBUF[27]
    Y19                  OBUF (Prop_obuf_I_O)         2.646    26.241 r  sum_OBUF[27]_inst/O
                         net (fo=0)                   0.000    26.241    sum[27]
    Y19                                                               r  sum[27] (OUT)
  -------------------------------------------------------------------    -------------------

Slack:                    inf
  Source:                 b[1]
                            (input port)
  Destination:            sum[26]
                            (output port)
  Path Group:             (none)
  Path Type:              Max at Slow Process Corner
  Data Path Delay:        25.378ns  (logic 8.058ns (31.750%)  route 17.321ns (68.250%))
  Logic Levels:           16  (IBUF=1 LUT3=1 LUT5=13 OBUF=1)

    Location             Delay type                Incr(ns)  Path(ns)    Netlist Resource(s)
  -------------------------------------------------------------------    -------------------
    W5                                                0.000     0.000 r  b[1] (IN)
                         net (fo=0)                   0.000     0.000    b[1]
    W5                   IBUF (Prop_ibuf_I_O)         0.935     0.935 r  b_IBUF[1]_inst/O
                         net (fo=2, routed)           3.816     4.751    b_IBUF[1]
    SLICE_X113Y1         LUT5 (Prop_lut5_I4_O)        0.152     4.903 r  sum_OBUF[3]_inst_i_2/O
                         net (fo=3, routed)           1.011     5.914    carry_2
    SLICE_X113Y3         LUT5 (Prop_lut5_I2_O)        0.354     6.268 r  sum_OBUF[5]_inst_i_2/O
                         net (fo=3, routed)           0.779     7.046    carry_4
    SLICE_X113Y5         LUT5 (Prop_lut5_I2_O)        0.352     7.398 r  sum_OBUF[7]_inst_i_2/O
                         net (fo=3, routed)           1.007     8.405    carry_6
    SLICE_X112Y7         LUT5 (Prop_lut5_I2_O)        0.348     8.753 r  sum_OBUF[9]_inst_i_2/O
                         net (fo=3, routed)           1.025     9.778    carry_8
    SLICE_X112Y9         LUT5 (Prop_lut5_I2_O)        0.328    10.106 r  sum_OBUF[11]_inst_i_2/O
                         net (fo=3, routed)           0.673    10.779    carry_1011_out
    SLICE_X112Y11        LUT5 (Prop_lut5_I2_O)        0.148    10.927 r  sum_OBUF[13]_inst_i_2/O
                         net (fo=3, routed)           1.025    11.953    carry_12
    SLICE_X112Y13        LUT5 (Prop_lut5_I2_O)        0.354    12.307 r  sum_OBUF[15]_inst_i_2/O
                         net (fo=3, routed)           1.025    13.332    carry_14
    SLICE_X112Y15        LUT5 (Prop_lut5_I2_O)        0.354    13.686 r  sum_OBUF[17]_inst_i_2/O
                         net (fo=3, routed)           1.025    14.712    carry_16
    SLICE_X112Y17        LUT5 (Prop_lut5_I2_O)        0.354    15.066 r  sum_OBUF[19]_inst_i_2/O
                         net (fo=3, routed)           1.025    16.091    carry_18
    SLICE_X112Y19        LUT5 (Prop_lut5_I2_O)        0.354    16.445 r  sum_OBUF[21]_inst_i_2/O
                         net (fo=3, routed)           1.025    17.470    carry_2023_out
    SLICE_X112Y21        LUT5 (Prop_lut5_I2_O)        0.354    17.824 r  sum_OBUF[23]_inst_i_2/O
                         net (fo=3, routed)           1.010    18.835    carry_22
    SLICE_X113Y23        LUT5 (Prop_lut5_I2_O)        0.356    19.191 r  sum_OBUF[25]_inst_i_2/O
                         net (fo=3, routed)           1.041    20.232    carry_24
    SLICE_X113Y25        LUT5 (Prop_lut5_I2_O)        0.354    20.586 r  sum_OBUF[27]_inst_i_2/O
                         net (fo=3, routed)           0.307    20.893    carry_26
    SLICE_X113Y27        LUT3 (Prop_lut3_I2_O)        0.326    21.219 r  sum_OBUF[26]_inst_i_1/O
                         net (fo=1, routed)           1.525    22.744    sum_OBUF[26]
    AA19                 OBUF (Prop_obuf_I_O)         2.634    25.378 r  sum_OBUF[26]_inst/O
                         net (fo=0)                   0.000    25.378    sum[26]
    AA19                                                              r  sum[26] (OUT)
  -------------------------------------------------------------------    -------------------

Slack:                    inf
  Source:                 b[1]
                            (input port)
  Destination:            sum[25]
                            (output port)
  Path Group:             (none)
  Path Type:              Max at Slow Process Corner
  Data Path Delay:        24.861ns  (logic 7.701ns (30.975%)  route 17.161ns (69.025%))
  Logic Levels:           15  (IBUF=1 LUT5=13 OBUF=1)

    Location             Delay type                Incr(ns)  Path(ns)    Netlist Resource(s)
  -------------------------------------------------------------------    -------------------
    W5                                                0.000     0.000 r  b[1] (IN)
                         net (fo=0)                   0.000     0.000    b[1]
    W5                   IBUF (Prop_ibuf_I_O)         0.935     0.935 r  b_IBUF[1]_inst/O
                         net (fo=2, routed)           3.816     4.751    b_IBUF[1]
    SLICE_X113Y1         LUT5 (Prop_lut5_I4_O)        0.152     4.903 r  sum_OBUF[3]_inst_i_2/O
                         net (fo=3, routed)           1.011     5.914    carry_2
    SLICE_X113Y3         LUT5 (Prop_lut5_I2_O)        0.354     6.268 r  sum_OBUF[5]_inst_i_2/O
                         net (fo=3, routed)           0.779     7.046    carry_4
    SLICE_X113Y5         LUT5 (Prop_lut5_I2_O)        0.352     7.398 r  sum_OBUF[7]_inst_i_2/O
                         net (fo=3, routed)           1.007     8.405    carry_6
    SLICE_X112Y7         LUT5 (Prop_lut5_I2_O)        0.348     8.753 r  sum_OBUF[9]_inst_i_2/O
                         net (fo=3, routed)           1.025     9.778    carry_8
    SLICE_X112Y9         LUT5 (Prop_lut5_I2_O)        0.328    10.106 r  sum_OBUF[11]_inst_i_2/O
                         net (fo=3, routed)           0.673    10.779    carry_1011_out
    SLICE_X112Y11        LUT5 (Prop_lut5_I2_O)        0.148    10.927 r  sum_OBUF[13]_inst_i_2/O
                         net (fo=3, routed)           1.025    11.953    carry_12
    SLICE_X112Y13        LUT5 (Prop_lut5_I2_O)        0.354    12.307 r  sum_OBUF[15]_inst_i_2/O
                         net (fo=3, routed)           1.025    13.332    carry_14
    SLICE_X112Y15        LUT5 (Prop_lut5_I2_O)        0.354    13.686 r  sum_OBUF[17]_inst_i_2/O
                         net (fo=3, routed)           1.025    14.712    carry_16
    SLICE_X112Y17        LUT5 (Prop_lut5_I2_O)        0.354    15.066 r  sum_OBUF[19]_inst_i_2/O
                         net (fo=3, routed)           1.025    16.091    carry_18
    SLICE_X112Y19        LUT5 (Prop_lut5_I2_O)        0.354    16.445 r  sum_OBUF[21]_inst_i_2/O
                         net (fo=3, routed)           1.025    17.470    carry_2023_out
    SLICE_X112Y21        LUT5 (Prop_lut5_I2_O)        0.354    17.824 r  sum_OBUF[23]_inst_i_2/O
                         net (fo=3, routed)           1.010    18.835    carry_22
    SLICE_X113Y23        LUT5 (Prop_lut5_I2_O)        0.356    19.191 r  sum_OBUF[25]_inst_i_2/O
                         net (fo=3, routed)           1.041    20.232    carry_24
    SLICE_X113Y25        LUT5 (Prop_lut5_I3_O)        0.326    20.558 r  sum_OBUF[25]_inst_i_1/O
                         net (fo=1, routed)           1.672    22.230    sum_OBUF[25]
    Y18                  OBUF (Prop_obuf_I_O)         2.631    24.861 r  sum_OBUF[25]_inst/O
                         net (fo=0)                   0.000    24.861    sum[25]
    Y18                                                               r  sum[25] (OUT)
  -------------------------------------------------------------------    -------------------

Slack:                    inf
  Source:                 b[1]
                            (input port)
  Destination:            sum[24]
                            (output port)
  Path Group:             (none)
  Path Type:              Max at Slow Process Corner
  Data Path Delay:        24.008ns  (logic 7.698ns (32.063%)  route 16.310ns (67.937%))
  Logic Levels:           15  (IBUF=1 LUT3=1 LUT5=12 OBUF=1)

    Location             Delay type                Incr(ns)  Path(ns)    Netlist Resource(s)
  -------------------------------------------------------------------    -------------------
    W5                                                0.000     0.000 r  b[1] (IN)
                         net (fo=0)                   0.000     0.000    b[1]
    W5                   IBUF (Prop_ibuf_I_O)         0.935     0.935 r  b_IBUF[1]_inst/O
                         net (fo=2, routed)           3.816     4.751    b_IBUF[1]
    SLICE_X113Y1         LUT5 (Prop_lut5_I4_O)        0.152     4.903 r  sum_OBUF[3]_inst_i_2/O
                         net (fo=3, routed)           1.011     5.914    carry_2
    SLICE_X113Y3         LUT5 (Prop_lut5_I2_O)        0.354     6.268 r  sum_OBUF[5]_inst_i_2/O
                         net (fo=3, routed)           0.779     7.046    carry_4
    SLICE_X113Y5         LUT5 (Prop_lut5_I2_O)        0.352     7.398 r  sum_OBUF[7]_inst_i_2/O
                         net (fo=3, routed)           1.007     8.405    carry_6
    SLICE_X112Y7         LUT5 (Prop_lut5_I2_O)        0.348     8.753 r  sum_OBUF[9]_inst_i_2/O
                         net (fo=3, routed)           1.025     9.778    carry_8
    SLICE_X112Y9         LUT5 (Prop_lut5_I2_O)        0.328    10.106 r  sum_OBUF[11]_inst_i_2/O
                         net (fo=3, routed)           0.673    10.779    carry_1011_out
    SLICE_X112Y11        LUT5 (Prop_lut5_I2_O)        0.148    10.927 r  sum_OBUF[13]_inst_i_2/O
                         net (fo=3, routed)           1.025    11.953    carry_12
    SLICE_X112Y13        LUT5 (Prop_lut5_I2_O)        0.354    12.307 r  sum_OBUF[15]_inst_i_2/O
                         net (fo=3, routed)           1.025    13.332    carry_14
    SLICE_X112Y15        LUT5 (Prop_lut5_I2_O)        0.354    13.686 r  sum_OBUF[17]_inst_i_2/O
                         net (fo=3, routed)           1.025    14.712    carry_16
    SLICE_X112Y17        LUT5 (Prop_lut5_I2_O)        0.354    15.066 r  sum_OBUF[19]_inst_i_2/O
                         net (fo=3, routed)           1.025    16.091    carry_18
    SLICE_X112Y19        LUT5 (Prop_lut5_I2_O)        0.354    16.445 r  sum_OBUF[21]_inst_i_2/O
                         net (fo=3, routed)           1.025    17.470    carry_2023_out
    SLICE_X112Y21        LUT5 (Prop_lut5_I2_O)        0.354    17.824 r  sum_OBUF[23]_inst_i_2/O
                         net (fo=3, routed)           1.010    18.835    carry_22
    SLICE_X113Y23        LUT5 (Prop_lut5_I2_O)        0.356    19.191 r  sum_OBUF[25]_inst_i_2/O
                         net (fo=3, routed)           0.338    19.528    carry_24
    SLICE_X113Y25        LUT3 (Prop_lut3_I2_O)        0.326    19.854 r  sum_OBUF[24]_inst_i_1/O
                         net (fo=1, routed)           1.525    21.380    sum_OBUF[24]
    AA18                 OBUF (Prop_obuf_I_O)         2.628    24.008 r  sum_OBUF[24]_inst/O
                         net (fo=0)                   0.000    24.008    sum[24]
    AA18                                                              r  sum[24] (OUT)
  -------------------------------------------------------------------    -------------------

Slack:                    inf
  Source:                 b[1]
                            (input port)
  Destination:            sum[23]
                            (output port)
  Path Group:             (none)
  Path Type:              Max at Slow Process Corner
  Data Path Delay:        23.467ns  (logic 7.347ns (31.310%)  route 16.119ns (68.690%))
  Logic Levels:           14  (IBUF=1 LUT5=12 OBUF=1)

    Location             Delay type                Incr(ns)  Path(ns)    Netlist Resource(s)
  -------------------------------------------------------------------    -------------------
    W5                                                0.000     0.000 r  b[1] (IN)
                         net (fo=0)                   0.000     0.000    b[1]
    W5                   IBUF (Prop_ibuf_I_O)         0.935     0.935 r  b_IBUF[1]_inst/O
                         net (fo=2, routed)           3.816     4.751    b_IBUF[1]
    SLICE_X113Y1         LUT5 (Prop_lut5_I4_O)        0.152     4.903 r  sum_OBUF[3]_inst_i_2/O
                         net (fo=3, routed)           1.011     5.914    carry_2
    SLICE_X113Y3         LUT5 (Prop_lut5_I2_O)        0.354     6.268 r  sum_OBUF[5]_inst_i_2/O
                         net (fo=3, routed)           0.779     7.046    carry_4
    SLICE_X113Y5         LUT5 (Prop_lut5_I2_O)        0.352     7.398 r  sum_OBUF[7]_inst_i_2/O
                         net (fo=3, routed)           1.007     8.405    carry_6
    SLICE_X112Y7         LUT5 (Prop_lut5_I2_O)        0.348     8.753 r  sum_OBUF[9]_inst_i_2/O
                         net (fo=3, routed)           1.025     9.778    carry_8
    SLICE_X112Y9         LUT5 (Prop_lut5_I2_O)        0.328    10.106 r  sum_OBUF[11]_inst_i_2/O
                         net (fo=3, routed)           0.673    10.779    carry_1011_out
    SLICE_X112Y11        LUT5 (Prop_lut5_I2_O)        0.148    10.927 r  sum_OBUF[13]_inst_i_2/O
                         net (fo=3, routed)           1.025    11.953    carry_12
    SLICE_X112Y13        LUT5 (Prop_lut5_I2_O)        0.354    12.307 r  sum_OBUF[15]_inst_i_2/O
                         net (fo=3, routed)           1.025    13.332    carry_14
    SLICE_X112Y15        LUT5 (Prop_lut5_I2_O)        0.354    13.686 r  sum_OBUF[17]_inst_i_2/O
                         net (fo=3, routed)           1.025    14.712    carry_16
    SLICE_X112Y17        LUT5 (Prop_lut5_I2_O)        0.354    15.066 r  sum_OBUF[19]_inst_i_2/O
                         net (fo=3, routed)           1.025    16.091    carry_18
    SLICE_X112Y19        LUT5 (Prop_lut5_I2_O)        0.354    16.445 r  sum_OBUF[21]_inst_i_2/O
                         net (fo=3, routed)           1.025    17.470    carry_2023_out
    SLICE_X112Y21        LUT5 (Prop_lut5_I2_O)        0.354    17.824 r  sum_OBUF[23]_inst_i_2/O
                         net (fo=3, routed)           1.010    18.835    carry_22
    SLICE_X113Y23        LUT5 (Prop_lut5_I3_O)        0.328    19.163 r  sum_OBUF[23]_inst_i_1/O
                         net (fo=1, routed)           1.672    20.835    sum_OBUF[23]
    W17                  OBUF (Prop_obuf_I_O)         2.632    23.467 r  sum_OBUF[23]_inst/O
                         net (fo=0)                   0.000    23.467    sum[23]
    W17                                                               r  sum[23] (OUT)
  -------------------------------------------------------------------    -------------------





Min Delay Paths
--------------------------------------------------------------------------------------
Slack:                    inf
  Source:                 cin
                            (input port)
  Destination:            sum[1]
                            (output port)
  Path Group:             (none)
  Path Type:              Min at Fast Process Corner
  Data Path Delay:        2.112ns  (logic 1.353ns (64.053%)  route 0.759ns (35.947%))
  Logic Levels:           3  (IBUF=1 LUT5=1 OBUF=1)

    Location             Delay type                Incr(ns)  Path(ns)    Netlist Resource(s)
  -------------------------------------------------------------------    -------------------
    U14                                               0.000     0.000 r  cin (IN)
                         net (fo=0)                   0.000     0.000    cin
    U14                  IBUF (Prop_ibuf_I_O)         0.161     0.161 r  cin_IBUF_inst/O
                         net (fo=3, routed)           0.432     0.593    cin_IBUF
    SLICE_X113Y1         LUT5 (Prop_lut5_I3_O)        0.045     0.638 r  sum_OBUF[1]_inst_i_1/O
                         net (fo=1, routed)           0.327     0.965    sum_OBUF[1]
    AB14                 OBUF (Prop_obuf_I_O)         1.146     2.112 r  sum_OBUF[1]_inst/O
                         net (fo=0)                   0.000     2.112    sum[1]
    AB14                                                              r  sum[1] (OUT)
  -------------------------------------------------------------------    -------------------

Slack:                    inf
  Source:                 cin
                            (input port)
  Destination:            sum[0]
                            (output port)
  Path Group:             (none)
  Path Type:              Min at Fast Process Corner
  Data Path Delay:        2.140ns  (logic 1.344ns (62.795%)  route 0.796ns (37.205%))
  Logic Levels:           3  (IBUF=1 LUT3=1 OBUF=1)

    Location             Delay type                Incr(ns)  Path(ns)    Netlist Resource(s)
  -------------------------------------------------------------------    -------------------
    U14                                               0.000     0.000 r  cin (IN)
                         net (fo=0)                   0.000     0.000    cin
    U14                  IBUF (Prop_ibuf_I_O)         0.161     0.161 r  cin_IBUF_inst/O
                         net (fo=3, routed)           0.516     0.677    cin_IBUF
    SLICE_X113Y1         LUT3 (Prop_lut3_I2_O)        0.045     0.722 r  sum_OBUF[0]_inst_i_1/O
                         net (fo=1, routed)           0.280     1.003    sum_OBUF[0]
    AB15                 OBUF (Prop_obuf_I_O)         1.138     2.140 r  sum_OBUF[0]_inst/O
                         net (fo=0)                   0.000     2.140    sum[0]
    AB15                                                              r  sum[0] (OUT)
  -------------------------------------------------------------------    -------------------

Slack:                    inf
  Source:                 cin
                            (input port)
  Destination:            sum[2]
                            (output port)
  Path Group:             (none)
  Path Type:              Min at Fast Process Corner
  Data Path Delay:        2.284ns  (logic 1.449ns (63.425%)  route 0.835ns (36.575%))
  Logic Levels:           4  (IBUF=1 LUT3=1 LUT5=1 OBUF=1)

    Location             Delay type                Incr(ns)  Path(ns)    Netlist Resource(s)
  -------------------------------------------------------------------    -------------------
    U14                                               0.000     0.000 r  cin (IN)
                         net (fo=0)                   0.000     0.000    cin
    U14                  IBUF (Prop_ibuf_I_O)         0.161     0.161 r  cin_IBUF_inst/O
                         net (fo=3, routed)           0.432     0.593    cin_IBUF
    SLICE_X113Y1         LUT5 (Prop_lut5_I2_O)        0.046     0.639 r  sum_OBUF[3]_inst_i_2/O
                         net (fo=3, routed)           0.123     0.762    carry_2
    SLICE_X113Y3         LUT3 (Prop_lut3_I2_O)        0.107     0.869 r  sum_OBUF[2]_inst_i_1/O
                         net (fo=1, routed)           0.280     1.150    sum_OBUF[2]
    AA13                 OBUF (Prop_obuf_I_O)         1.134     2.284 r  sum_OBUF[2]_inst/O
                         net (fo=0)                   0.000     2.284    sum[2]
    AA13                                                              r  sum[2] (OUT)
  -------------------------------------------------------------------    -------------------

Slack:                    inf
  Source:                 a[24]
                            (input port)
  Destination:            sum[24]
                            (output port)
  Path Group:             (none)
  Path Type:              Min at Fast Process Corner
  Data Path Delay:        2.440ns  (logic 1.341ns (54.946%)  route 1.099ns (45.054%))
  Logic Levels:           3  (IBUF=1 LUT3=1 OBUF=1)

    Location             Delay type                Incr(ns)  Path(ns)    Netlist Resource(s)
  -------------------------------------------------------------------    -------------------
    M19                                               0.000     0.000 r  a[24] (IN)
                         net (fo=0)                   0.000     0.000    a[24]
    M19                  IBUF (Prop_ibuf_I_O)         0.151     0.151 r  a_IBUF[24]_inst/O
                         net (fo=3, routed)           0.819     0.970    a_IBUF[24]
    SLICE_X113Y25        LUT3 (Prop_lut3_I1_O)        0.045     1.015 r  sum_OBUF[24]_inst_i_1/O
                         net (fo=1, routed)           0.280     1.295    sum_OBUF[24]
    AA18                 OBUF (Prop_obuf_I_O)         1.145     2.440 r  sum_OBUF[24]_inst/O
                         net (fo=0)                   0.000     2.440    sum[24]
    AA18                                                              r  sum[24] (OUT)
  -------------------------------------------------------------------    -------------------

Slack:                    inf
  Source:                 a[22]
                            (input port)
  Destination:            sum[22]
                            (output port)
  Path Group:             (none)
  Path Type:              Min at Fast Process Corner
  Data Path Delay:        2.495ns  (logic 1.365ns (54.703%)  route 1.130ns (45.297%))
  Logic Levels:           3  (IBUF=1 LUT3=1 OBUF=1)

    Location             Delay type                Incr(ns)  Path(ns)    Netlist Resource(s)
  -------------------------------------------------------------------    -------------------
    N19                                               0.000     0.000 r  a[22] (IN)
                         net (fo=0)                   0.000     0.000    a[22]
    N19                  IBUF (Prop_ibuf_I_O)         0.180     0.180 r  a_IBUF[22]_inst/O
                         net (fo=3, routed)           0.850     1.030    a_IBUF[22]
    SLICE_X113Y23        LUT3 (Prop_lut3_I1_O)        0.045     1.075 r  sum_OBUF[22]_inst_i_1/O
                         net (fo=1, routed)           0.280     1.355    sum_OBUF[22]
    W18                  OBUF (Prop_obuf_I_O)         1.139     2.495 r  sum_OBUF[22]_inst/O
                         net (fo=0)                   0.000     2.495    sum[22]
    W18                                                               r  sum[22] (OUT)
  -------------------------------------------------------------------    -------------------

Slack:                    inf
  Source:                 a[23]
                            (input port)
  Destination:            sum[23]
                            (output port)
  Path Group:             (none)
  Path Type:              Min at Fast Process Corner
  Data Path Delay:        2.540ns  (logic 1.350ns (53.130%)  route 1.191ns (46.870%))
  Logic Levels:           3  (IBUF=1 LUT5=1 OBUF=1)

    Location             Delay type                Incr(ns)  Path(ns)    Netlist Resource(s)
  -------------------------------------------------------------------    -------------------
    M20                                               0.000     0.000 r  a[23] (IN)
                         net (fo=0)                   0.000     0.000    a[23]
    M20                  IBUF (Prop_ibuf_I_O)         0.156     0.156 r  a_IBUF[23]_inst/O
                         net (fo=2, routed)           0.864     1.019    a_IBUF[23]
    SLICE_X113Y23        LUT5 (Prop_lut5_I1_O)        0.045     1.064 r  sum_OBUF[23]_inst_i_1/O
                         net (fo=1, routed)           0.327     1.392    sum_OBUF[23]
    W17                  OBUF (Prop_obuf_I_O)         1.149     2.540 r  sum_OBUF[23]_inst/O
                         net (fo=0)                   0.000     2.540    sum[23]
    W17                                                               r  sum[23] (OUT)
  -------------------------------------------------------------------    -------------------

Slack:                    inf
  Source:                 a[24]
                            (input port)
  Destination:            sum[25]
                            (output port)
  Path Group:             (none)
  Path Type:              Min at Fast Process Corner
  Data Path Delay:        2.542ns  (logic 1.344ns (52.866%)  route 1.198ns (47.134%))
  Logic Levels:           3  (IBUF=1 LUT5=1 OBUF=1)

    Location             Delay type                Incr(ns)  Path(ns)    Netlist Resource(s)
  -------------------------------------------------------------------    -------------------
    M19                                               0.000     0.000 r  a[24] (IN)
                         net (fo=0)                   0.000     0.000    a[24]
    M19                  IBUF (Prop_ibuf_I_O)         0.151     0.151 r  a_IBUF[24]_inst/O
                         net (fo=3, routed)           0.871     1.022    a_IBUF[24]
    SLICE_X113Y25        LUT5 (Prop_lut5_I2_O)        0.045     1.067 r  sum_OBUF[25]_inst_i_1/O
                         net (fo=1, routed)           0.327     1.394    sum_OBUF[25]
    Y18                  OBUF (Prop_obuf_I_O)         1.148     2.542 r  sum_OBUF[25]_inst/O
                         net (fo=0)                   0.000     2.542    sum[25]
    Y18                                                               r  sum[25] (OUT)
  -------------------------------------------------------------------    -------------------

Slack:                    inf
  Source:                 cin
                            (input port)
  Destination:            sum[3]
                            (output port)
  Path Group:             (none)
  Path Type:              Min at Fast Process Corner
  Data Path Delay:        2.564ns  (logic 1.450ns (56.561%)  route 1.114ns (43.439%))
  Logic Levels:           4  (IBUF=1 LUT5=2 OBUF=1)

    Location             Delay type                Incr(ns)  Path(ns)    Netlist Resource(s)
  -------------------------------------------------------------------    -------------------
    U14                                               0.000     0.000 r  cin (IN)
                         net (fo=0)                   0.000     0.000    cin
    U14                  IBUF (Prop_ibuf_I_O)         0.161     0.161 r  cin_IBUF_inst/O
                         net (fo=3, routed)           0.432     0.593    cin_IBUF
    SLICE_X113Y1         LUT5 (Prop_lut5_I2_O)        0.046     0.639 r  sum_OBUF[3]_inst_i_2/O
                         net (fo=3, routed)           0.355     0.994    carry_2
    SLICE_X113Y3         LUT5 (Prop_lut5_I3_O)        0.107     1.101 r  sum_OBUF[3]_inst_i_1/O
                         net (fo=1, routed)           0.327     1.428    sum_OBUF[3]
    Y13                  OBUF (Prop_obuf_I_O)         1.136     2.564 r  sum_OBUF[3]_inst/O
                         net (fo=0)                   0.000     2.564    sum[3]
    Y13                                                               r  sum[3] (OUT)
  -------------------------------------------------------------------    -------------------

Slack:                    inf
  Source:                 a[18]
                            (input port)
  Destination:            sum[19]
                            (output port)
  Path Group:             (none)
  Path Type:              Min at Fast Process Corner
  Data Path Delay:        2.621ns  (logic 1.365ns (52.086%)  route 1.256ns (47.914%))
  Logic Levels:           3  (IBUF=1 LUT5=1 OBUF=1)

    Location             Delay type                Incr(ns)  Path(ns)    Netlist Resource(s)
  -------------------------------------------------------------------    -------------------
    N22                                               0.000     0.000 r  a[18] (IN)
                         net (fo=0)                   0.000     0.000    a[18]
    N22                  IBUF (Prop_ibuf_I_O)         0.179     0.179 r  a_IBUF[18]_inst/O
                         net (fo=3, routed)           0.928     1.107    a_IBUF[18]
    SLICE_X112Y19        LUT5 (Prop_lut5_I2_O)        0.045     1.152 r  sum_OBUF[19]_inst_i_1/O
                         net (fo=1, routed)           0.328     1.480    sum_OBUF[19]
    U15                  OBUF (Prop_obuf_I_O)         1.141     2.621 r  sum_OBUF[19]_inst/O
                         net (fo=0)                   0.000     2.621    sum[19]
    U15                                                               r  sum[19] (OUT)
  -------------------------------------------------------------------    -------------------

Slack:                    inf
  Source:                 a[14]
                            (input port)
  Destination:            sum[15]
                            (output port)
  Path Group:             (none)
  Path Type:              Min at Fast Process Corner
  Data Path Delay:        2.623ns  (logic 1.387ns (52.897%)  route 1.235ns (47.103%))
  Logic Levels:           3  (IBUF=1 LUT5=1 OBUF=1)

    Location             Delay type                Incr(ns)  Path(ns)    Netlist Resource(s)
  -------------------------------------------------------------------    -------------------
    P20                                               0.000     0.000 r  a[14] (IN)
                         net (fo=0)                   0.000     0.000    a[14]
    P20                  IBUF (Prop_ibuf_I_O)         0.194     0.194 r  a_IBUF[14]_inst/O
                         net (fo=3, routed)           0.907     1.101    a_IBUF[14]
    SLICE_X112Y15        LUT5 (Prop_lut5_I2_O)        0.045     1.146 r  sum_OBUF[15]_inst_i_1/O
                         net (fo=1, routed)           0.328     1.474    sum_OBUF[15]
    AA17                 OBUF (Prop_obuf_I_O)         1.149     2.623 r  sum_OBUF[15]_inst/O
                         net (fo=0)                   0.000     2.623    sum[15]
    AA17                                                              r  sum[15] (OUT)
  -------------------------------------------------------------------    -------------------





