Copyright 1986-2022 Xilinx, Inc. All Rights Reserved. Copyright 2022-2023 Advanced Micro Devices, Inc. All Rights Reserved.
---------------------------------------------------------------------------------------------------------------------------------------------------------------------------------------------------------------------------------------------------
| Tool Version : Vivado v.2023.2 (win64) Build 4029153 Fri Oct 13 20:14:34 MDT 2023
| Date         : Sun May 31 14:50:02 2026
| Host         : VISHWAS_POOJA running 64-bit major release  (build 9200)
| Command      : report_timing_summary -max_paths 10 -report_unconstrained -file ripplecarry_addder_timing_summary_routed.rpt -pb ripplecarry_addder_timing_summary_routed.pb -rpx ripplecarry_addder_timing_summary_routed.rpx -warn_on_violation
| Design       : ripplecarry_addder
| Device       : 7z020-clg484
| Speed File   : -1  PRODUCTION 1.12 2019-11-22
| Design State : Routed
---------------------------------------------------------------------------------------------------------------------------------------------------------------------------------------------------------------------------------------------------

Timing Summary Report

------------------------------------------------------------------------------------------------
| Timer Settings
| --------------
------------------------------------------------------------------------------------------------

  Enable Multi Corner Analysis               :  Yes
  Enable Pessimism Removal                   :  Yes
  Pessimism Removal Resolution               :  Nearest Common Node
  Enable Input Delay Default Clock           :  No
  Enable Preset / Clear Arcs                 :  No
  Disable Flight Delays                      :  No
  Ignore I/O Paths                           :  No
  Timing Early Launch at Borrowing Latches   :  No
  Borrow Time for Max Delay Exceptions       :  Yes
  Merge Timing Exceptions                    :  Yes
  Inter-SLR Compensation                     :  Conservative

  Corner  Analyze    Analyze    
  Name    Max Paths  Min Paths  
  ------  ---------  ---------  
  Slow    Yes        Yes        
  Fast    Yes        Yes        


------------------------------------------------------------------------------------------------
| Report Methodology
| ------------------
------------------------------------------------------------------------------------------------

No report available as report_methodology has not been run prior. Run report_methodology on the current design for the summary of methodology violations.



check_timing report

Table of Contents
-----------------
1. checking no_clock (0)
2. checking constant_clock (0)
3. checking pulse_width_clock (0)
4. checking unconstrained_internal_endpoints (0)
5. checking no_input_delay (0)
6. checking no_output_delay (0)
7. checking multiple_clock (0)
8. checking generated_clocks (0)
9. checking loops (0)
10. checking partial_input_delay (0)
11. checking partial_output_delay (0)
12. checking latch_loops (0)

1. checking no_clock (0)
------------------------
 There are 0 register/latch pins with no clock.


2. checking constant_clock (0)
------------------------------
 There are 0 register/latch pins with constant_clock.


3. checking pulse_width_clock (0)
---------------------------------
 There are 0 register/latch pins which need pulse_width check


4. checking unconstrained_internal_endpoints (0)
------------------------------------------------
 There are 0 pins that are not constrained for maximum delay.

 There are 0 pins that are not constrained for maximum delay due to constant clock.


5. checking no_input_delay (0)
------------------------------
 There are 0 input ports with no input delay specified.

 There are 0 input ports with no input delay but user has a false path constraint.


6. checking no_output_delay (0)
-------------------------------
 There are 0 ports with no output delay specified.

 There are 0 ports with no output delay but user has a false path constraint

 There are 0 ports with no output delay but with a timing clock defined on it or propagating through it


7. checking multiple_clock (0)
------------------------------
 There are 0 register/latch pins with multiple clocks.


8. checking generated_clocks (0)
--------------------------------
 There are 0 generated clocks that are not connected to a clock source.


9. checking loops (0)
---------------------
 There are 0 combinational loops in the design.


10. checking partial_input_delay (0)
------------------------------------
 There are 0 input ports with partial input delay specified.


11. checking partial_output_delay (0)
-------------------------------------
 There are 0 ports with partial output delay specified.


12. checking latch_loops (0)
----------------------------
 There are 0 combinational latch loops in the design through latch input



------------------------------------------------------------------------------------------------
| Design Timing Summary
| ---------------------
------------------------------------------------------------------------------------------------

    WNS(ns)      TNS(ns)  TNS Failing Endpoints  TNS Total Endpoints      WHS(ns)      THS(ns)  THS Failing Endpoints  THS Total Endpoints     WPWS(ns)     TPWS(ns)  TPWS Failing Endpoints  TPWS Total Endpoints  
    -------      -------  ---------------------  -------------------      -------      -------  ---------------------  -------------------     --------     --------  ----------------------  --------------------  
        inf        0.000                      0                   17          inf        0.000                      0                   17           NA           NA                      NA                    NA  


There are no user specified timing constraints.


------------------------------------------------------------------------------------------------
| Clock Summary
| -------------
------------------------------------------------------------------------------------------------


------------------------------------------------------------------------------------------------
| Intra Clock Table
| -----------------
------------------------------------------------------------------------------------------------

Clock             WNS(ns)      TNS(ns)  TNS Failing Endpoints  TNS Total Endpoints      WHS(ns)      THS(ns)  THS Failing Endpoints  THS Total Endpoints     WPWS(ns)     TPWS(ns)  TPWS Failing Endpoints  TPWS Total Endpoints  
-----             -------      -------  ---------------------  -------------------      -------      -------  ---------------------  -------------------     --------     --------  ----------------------  --------------------  


------------------------------------------------------------------------------------------------
| Inter Clock Table
| -----------------
------------------------------------------------------------------------------------------------

From Clock    To Clock          WNS(ns)      TNS(ns)  TNS Failing Endpoints  TNS Total Endpoints      WHS(ns)      THS(ns)  THS Failing Endpoints  THS Total Endpoints  
----------    --------          -------      -------  ---------------------  -------------------      -------      -------  ---------------------  -------------------  


------------------------------------------------------------------------------------------------
| Other Path Groups Table
| -----------------------
------------------------------------------------------------------------------------------------

Path Group    From Clock    To Clock          WNS(ns)      TNS(ns)  TNS Failing Endpoints  TNS Total Endpoints      WHS(ns)      THS(ns)  THS Failing Endpoints  THS Total Endpoints  
----------    ----------    --------          -------      -------  ---------------------  -------------------      -------      -------  ---------------------  -------------------  


------------------------------------------------------------------------------------------------
| User Ignored Path Table
| -----------------------
------------------------------------------------------------------------------------------------

Path Group    From Clock    To Clock    
----------    ----------    --------    


------------------------------------------------------------------------------------------------
| Unconstrained Path Table
| ------------------------
------------------------------------------------------------------------------------------------

Path Group    From Clock    To Clock    
----------    ----------    --------    
(none)                                    


------------------------------------------------------------------------------------------------
| Timing Details
| --------------
------------------------------------------------------------------------------------------------


--------------------------------------------------------------------------------------
Path Group:  (none)
From Clock:  
  To Clock:  

Max Delay            17 Endpoints
Min Delay            17 Endpoints
--------------------------------------------------------------------------------------


Max Delay Paths
--------------------------------------------------------------------------------------
Slack:                    inf
  Source:                 a[0]
                            (input port)
  Destination:            cout
                            (output port)
  Path Group:             (none)
  Path Type:              Max at Slow Process Corner
  Data Path Delay:        15.481ns  (logic 6.063ns (39.164%)  route 9.418ns (60.836%))
  Logic Levels:           10  (IBUF=1 LUT5=8 OBUF=1)

    Location             Delay type                Incr(ns)  Path(ns)    Netlist Resource(s)
  -------------------------------------------------------------------    -------------------
    U7                                                0.000     0.000 r  a[0] (IN)
                         net (fo=0)                   0.000     0.000    a[0]
    U7                   IBUF (Prop_ibuf_I_O)         0.915     0.915 r  a_IBUF[0]_inst/O
                         net (fo=3, routed)           2.004     2.918    a_IBUF[0]
    SLICE_X0Y19          LUT5 (Prop_lut5_I3_O)        0.150     3.068 r  sum_OBUF[3]_inst_i_2/O
                         net (fo=3, routed)           0.454     3.522    c49_in
    SLICE_X0Y19          LUT5 (Prop_lut5_I2_O)        0.321     3.843 r  sum_OBUF[5]_inst_i_2/O
                         net (fo=3, routed)           0.837     4.680    c41_in
    SLICE_X0Y21          LUT5 (Prop_lut5_I2_O)        0.374     5.054 r  sum_OBUF[7]_inst_i_2/O
                         net (fo=3, routed)           0.797     5.851    c33_in
    SLICE_X0Y23          LUT5 (Prop_lut5_I2_O)        0.354     6.205 r  sum_OBUF[9]_inst_i_2/O
                         net (fo=3, routed)           1.037     7.242    c25_in
    SLICE_X0Y25          LUT5 (Prop_lut5_I2_O)        0.328     7.570 r  sum_OBUF[11]_inst_i_2/O
                         net (fo=3, routed)           0.427     7.997    c17_in
    SLICE_X0Y27          LUT5 (Prop_lut5_I2_O)        0.116     8.113 r  sum_OBUF[13]_inst_i_2/O
                         net (fo=3, routed)           0.797     8.911    c9_in
    SLICE_X0Y29          LUT5 (Prop_lut5_I2_O)        0.354     9.265 r  sum_OBUF[15]_inst_i_2/O
                         net (fo=3, routed)           0.797    10.062    c1_in
    SLICE_X0Y31          LUT5 (Prop_lut5_I2_O)        0.354    10.416 r  cout_OBUF_inst_i_1/O
                         net (fo=1, routed)           2.268    12.684    cout_OBUF
    R7                   OBUF (Prop_obuf_I_O)         2.797    15.481 r  cout_OBUF_inst/O
                         net (fo=0)                   0.000    15.481    cout
    R7                                                                r  cout (OUT)
  -------------------------------------------------------------------    -------------------

Slack:                    inf
  Source:                 a[0]
                            (input port)
  Destination:            sum[15]
                            (output port)
  Path Group:             (none)
  Path Type:              Max at Slow Process Corner
  Data Path Delay:        15.282ns  (logic 5.886ns (38.520%)  route 9.395ns (61.480%))
  Logic Levels:           10  (IBUF=1 LUT5=8 OBUF=1)

    Location             Delay type                Incr(ns)  Path(ns)    Netlist Resource(s)
  -------------------------------------------------------------------    -------------------
    U7                                                0.000     0.000 r  a[0] (IN)
                         net (fo=0)                   0.000     0.000    a[0]
    U7                   IBUF (Prop_ibuf_I_O)         0.915     0.915 r  a_IBUF[0]_inst/O
                         net (fo=3, routed)           2.004     2.918    a_IBUF[0]
    SLICE_X0Y19          LUT5 (Prop_lut5_I3_O)        0.150     3.068 r  sum_OBUF[3]_inst_i_2/O
                         net (fo=3, routed)           0.454     3.522    c49_in
    SLICE_X0Y19          LUT5 (Prop_lut5_I2_O)        0.321     3.843 r  sum_OBUF[5]_inst_i_2/O
                         net (fo=3, routed)           0.837     4.680    c41_in
    SLICE_X0Y21          LUT5 (Prop_lut5_I2_O)        0.374     5.054 r  sum_OBUF[7]_inst_i_2/O
                         net (fo=3, routed)           0.797     5.851    c33_in
    SLICE_X0Y23          LUT5 (Prop_lut5_I2_O)        0.354     6.205 r  sum_OBUF[9]_inst_i_2/O
                         net (fo=3, routed)           1.037     7.242    c25_in
    SLICE_X0Y25          LUT5 (Prop_lut5_I2_O)        0.328     7.570 r  sum_OBUF[11]_inst_i_2/O
                         net (fo=3, routed)           0.427     7.997    c17_in
    SLICE_X0Y27          LUT5 (Prop_lut5_I2_O)        0.116     8.113 r  sum_OBUF[13]_inst_i_2/O
                         net (fo=3, routed)           0.797     8.911    c9_in
    SLICE_X0Y29          LUT5 (Prop_lut5_I2_O)        0.354     9.265 r  sum_OBUF[15]_inst_i_2/O
                         net (fo=3, routed)           0.797    10.062    c1_in
    SLICE_X0Y31          LUT5 (Prop_lut5_I3_O)        0.328    10.390 r  sum_OBUF[15]_inst_i_1/O
                         net (fo=1, routed)           2.245    12.635    sum_OBUF[15]
    V10                  OBUF (Prop_obuf_I_O)         2.647    15.282 r  sum_OBUF[15]_inst/O
                         net (fo=0)                   0.000    15.282    sum[15]
    V10                                                               r  sum[15] (OUT)
  -------------------------------------------------------------------    -------------------

Slack:                    inf
  Source:                 a[0]
                            (input port)
  Destination:            sum[14]
                            (output port)
  Path Group:             (none)
  Path Type:              Max at Slow Process Corner
  Data Path Delay:        14.800ns  (logic 5.874ns (39.688%)  route 8.926ns (60.312%))
  Logic Levels:           10  (IBUF=1 LUT3=1 LUT5=7 OBUF=1)

    Location             Delay type                Incr(ns)  Path(ns)    Netlist Resource(s)
  -------------------------------------------------------------------    -------------------
    U7                                                0.000     0.000 r  a[0] (IN)
                         net (fo=0)                   0.000     0.000    a[0]
    U7                   IBUF (Prop_ibuf_I_O)         0.915     0.915 r  a_IBUF[0]_inst/O
                         net (fo=3, routed)           2.004     2.918    a_IBUF[0]
    SLICE_X0Y19          LUT5 (Prop_lut5_I3_O)        0.150     3.068 r  sum_OBUF[3]_inst_i_2/O
                         net (fo=3, routed)           0.454     3.522    c49_in
    SLICE_X0Y19          LUT5 (Prop_lut5_I2_O)        0.321     3.843 r  sum_OBUF[5]_inst_i_2/O
                         net (fo=3, routed)           0.837     4.680    c41_in
    SLICE_X0Y21          LUT5 (Prop_lut5_I2_O)        0.374     5.054 r  sum_OBUF[7]_inst_i_2/O
                         net (fo=3, routed)           0.797     5.851    c33_in
    SLICE_X0Y23          LUT5 (Prop_lut5_I2_O)        0.354     6.205 r  sum_OBUF[9]_inst_i_2/O
                         net (fo=3, routed)           1.037     7.242    c25_in
    SLICE_X0Y25          LUT5 (Prop_lut5_I2_O)        0.328     7.570 r  sum_OBUF[11]_inst_i_2/O
                         net (fo=3, routed)           0.427     7.997    c17_in
    SLICE_X0Y27          LUT5 (Prop_lut5_I2_O)        0.116     8.113 r  sum_OBUF[13]_inst_i_2/O
                         net (fo=3, routed)           0.797     8.911    c9_in
    SLICE_X0Y29          LUT5 (Prop_lut5_I2_O)        0.354     9.265 r  sum_OBUF[15]_inst_i_2/O
                         net (fo=3, routed)           0.318     9.582    c1_in
    SLICE_X0Y31          LUT3 (Prop_lut3_I2_O)        0.328     9.910 r  sum_OBUF[14]_inst_i_1/O
                         net (fo=1, routed)           2.256    12.166    sum_OBUF[14]
    V9                   OBUF (Prop_obuf_I_O)         2.634    14.800 r  sum_OBUF[14]_inst/O
                         net (fo=0)                   0.000    14.800    sum[14]
    V9                                                                r  sum[14] (OUT)
  -------------------------------------------------------------------    -------------------

Slack:                    inf
  Source:                 a[0]
                            (input port)
  Destination:            sum[13]
                            (output port)
  Path Group:             (none)
  Path Type:              Max at Slow Process Corner
  Data Path Delay:        14.215ns  (logic 5.617ns (39.515%)  route 8.598ns (60.485%))
  Logic Levels:           9  (IBUF=1 LUT5=7 OBUF=1)

    Location             Delay type                Incr(ns)  Path(ns)    Netlist Resource(s)
  -------------------------------------------------------------------    -------------------
    U7                                                0.000     0.000 r  a[0] (IN)
                         net (fo=0)                   0.000     0.000    a[0]
    U7                   IBUF (Prop_ibuf_I_O)         0.915     0.915 r  a_IBUF[0]_inst/O
                         net (fo=3, routed)           2.004     2.918    a_IBUF[0]
    SLICE_X0Y19          LUT5 (Prop_lut5_I3_O)        0.150     3.068 r  sum_OBUF[3]_inst_i_2/O
                         net (fo=3, routed)           0.454     3.522    c49_in
    SLICE_X0Y19          LUT5 (Prop_lut5_I2_O)        0.321     3.843 r  sum_OBUF[5]_inst_i_2/O
                         net (fo=3, routed)           0.837     4.680    c41_in
    SLICE_X0Y21          LUT5 (Prop_lut5_I2_O)        0.374     5.054 r  sum_OBUF[7]_inst_i_2/O
                         net (fo=3, routed)           0.797     5.851    c33_in
    SLICE_X0Y23          LUT5 (Prop_lut5_I2_O)        0.354     6.205 r  sum_OBUF[9]_inst_i_2/O
                         net (fo=3, routed)           1.037     7.242    c25_in
    SLICE_X0Y25          LUT5 (Prop_lut5_I2_O)        0.328     7.570 r  sum_OBUF[11]_inst_i_2/O
                         net (fo=3, routed)           0.427     7.997    c17_in
    SLICE_X0Y27          LUT5 (Prop_lut5_I2_O)        0.116     8.113 r  sum_OBUF[13]_inst_i_2/O
                         net (fo=3, routed)           0.797     8.911    c9_in
    SLICE_X0Y29          LUT5 (Prop_lut5_I3_O)        0.328     9.239 r  sum_OBUF[13]_inst_i_1/O
                         net (fo=1, routed)           2.245    11.484    sum_OBUF[13]
    V8                   OBUF (Prop_obuf_I_O)         2.731    14.215 r  sum_OBUF[13]_inst/O
                         net (fo=0)                   0.000    14.215    sum[13]
    V8                                                                r  sum[13] (OUT)
  -------------------------------------------------------------------    -------------------

Slack:                    inf
  Source:                 a[0]
                            (input port)
  Destination:            sum[12]
                            (output port)
  Path Group:             (none)
  Path Type:              Max at Slow Process Corner
  Data Path Delay:        13.745ns  (logic 5.616ns (40.860%)  route 8.129ns (59.140%))
  Logic Levels:           9  (IBUF=1 LUT3=1 LUT5=6 OBUF=1)

    Location             Delay type                Incr(ns)  Path(ns)    Netlist Resource(s)
  -------------------------------------------------------------------    -------------------
    U7                                                0.000     0.000 r  a[0] (IN)
                         net (fo=0)                   0.000     0.000    a[0]
    U7                   IBUF (Prop_ibuf_I_O)         0.915     0.915 r  a_IBUF[0]_inst/O
                         net (fo=3, routed)           2.004     2.918    a_IBUF[0]
    SLICE_X0Y19          LUT5 (Prop_lut5_I3_O)        0.150     3.068 r  sum_OBUF[3]_inst_i_2/O
                         net (fo=3, routed)           0.454     3.522    c49_in
    SLICE_X0Y19          LUT5 (Prop_lut5_I2_O)        0.321     3.843 r  sum_OBUF[5]_inst_i_2/O
                         net (fo=3, routed)           0.837     4.680    c41_in
    SLICE_X0Y21          LUT5 (Prop_lut5_I2_O)        0.374     5.054 r  sum_OBUF[7]_inst_i_2/O
                         net (fo=3, routed)           0.797     5.851    c33_in
    SLICE_X0Y23          LUT5 (Prop_lut5_I2_O)        0.354     6.205 r  sum_OBUF[9]_inst_i_2/O
                         net (fo=3, routed)           1.037     7.242    c25_in
    SLICE_X0Y25          LUT5 (Prop_lut5_I2_O)        0.328     7.570 r  sum_OBUF[11]_inst_i_2/O
                         net (fo=3, routed)           0.427     7.997    c17_in
    SLICE_X0Y27          LUT5 (Prop_lut5_I2_O)        0.116     8.113 r  sum_OBUF[13]_inst_i_2/O
                         net (fo=3, routed)           0.318     8.431    c9_in
    SLICE_X0Y29          LUT3 (Prop_lut3_I2_O)        0.328     8.759 r  sum_OBUF[12]_inst_i_1/O
                         net (fo=1, routed)           2.256    11.015    sum_OBUF[12]
    W8                   OBUF (Prop_obuf_I_O)         2.731    13.745 r  sum_OBUF[12]_inst/O
                         net (fo=0)                   0.000    13.745    sum[12]
    W8                                                                r  sum[12] (OUT)
  -------------------------------------------------------------------    -------------------

Slack:                    inf
  Source:                 a[0]
                            (input port)
  Destination:            sum[10]
                            (output port)
  Path Group:             (none)
  Path Type:              Max at Slow Process Corner
  Data Path Delay:        13.137ns  (logic 5.315ns (40.458%)  route 7.822ns (59.542%))
  Logic Levels:           8  (IBUF=1 LUT3=1 LUT5=5 OBUF=1)

    Location             Delay type                Incr(ns)  Path(ns)    Netlist Resource(s)
  -------------------------------------------------------------------    -------------------
    U7                                                0.000     0.000 r  a[0] (IN)
                         net (fo=0)                   0.000     0.000    a[0]
    U7                   IBUF (Prop_ibuf_I_O)         0.915     0.915 r  a_IBUF[0]_inst/O
                         net (fo=3, routed)           2.004     2.918    a_IBUF[0]
    SLICE_X0Y19          LUT5 (Prop_lut5_I3_O)        0.150     3.068 r  sum_OBUF[3]_inst_i_2/O
                         net (fo=3, routed)           0.454     3.522    c49_in
    SLICE_X0Y19          LUT5 (Prop_lut5_I2_O)        0.321     3.843 r  sum_OBUF[5]_inst_i_2/O
                         net (fo=3, routed)           0.837     4.680    c41_in
    SLICE_X0Y21          LUT5 (Prop_lut5_I2_O)        0.374     5.054 r  sum_OBUF[7]_inst_i_2/O
                         net (fo=3, routed)           0.797     5.851    c33_in
    SLICE_X0Y23          LUT5 (Prop_lut5_I2_O)        0.354     6.205 r  sum_OBUF[9]_inst_i_2/O
                         net (fo=3, routed)           1.037     7.242    c25_in
    SLICE_X0Y25          LUT5 (Prop_lut5_I2_O)        0.328     7.570 r  sum_OBUF[11]_inst_i_2/O
                         net (fo=3, routed)           0.438     8.008    c17_in
    SLICE_X0Y27          LUT3 (Prop_lut3_I2_O)        0.124     8.132 r  sum_OBUF[10]_inst_i_1/O
                         net (fo=1, routed)           2.256    10.388    sum_OBUF[10]
    W10                  OBUF (Prop_obuf_I_O)         2.749    13.137 r  sum_OBUF[10]_inst/O
                         net (fo=0)                   0.000    13.137    sum[10]
    W10                                                               r  sum[10] (OUT)
  -------------------------------------------------------------------    -------------------

Slack:                    inf
  Source:                 a[0]
                            (input port)
  Destination:            sum[11]
                            (output port)
  Path Group:             (none)
  Path Type:              Max at Slow Process Corner
  Data Path Delay:        13.119ns  (logic 5.319ns (40.542%)  route 7.800ns (59.458%))
  Logic Levels:           8  (IBUF=1 LUT5=6 OBUF=1)

    Location             Delay type                Incr(ns)  Path(ns)    Netlist Resource(s)
  -------------------------------------------------------------------    -------------------
    U7                                                0.000     0.000 r  a[0] (IN)
                         net (fo=0)                   0.000     0.000    a[0]
    U7                   IBUF (Prop_ibuf_I_O)         0.915     0.915 r  a_IBUF[0]_inst/O
                         net (fo=3, routed)           2.004     2.918    a_IBUF[0]
    SLICE_X0Y19          LUT5 (Prop_lut5_I3_O)        0.150     3.068 r  sum_OBUF[3]_inst_i_2/O
                         net (fo=3, routed)           0.454     3.522    c49_in
    SLICE_X0Y19          LUT5 (Prop_lut5_I2_O)        0.321     3.843 r  sum_OBUF[5]_inst_i_2/O
                         net (fo=3, routed)           0.837     4.680    c41_in
    SLICE_X0Y21          LUT5 (Prop_lut5_I2_O)        0.374     5.054 r  sum_OBUF[7]_inst_i_2/O
                         net (fo=3, routed)           0.797     5.851    c33_in
    SLICE_X0Y23          LUT5 (Prop_lut5_I2_O)        0.354     6.205 r  sum_OBUF[9]_inst_i_2/O
                         net (fo=3, routed)           1.037     7.242    c25_in
    SLICE_X0Y25          LUT5 (Prop_lut5_I2_O)        0.328     7.570 r  sum_OBUF[11]_inst_i_2/O
                         net (fo=3, routed)           0.427     7.997    c17_in
    SLICE_X0Y27          LUT5 (Prop_lut5_I3_O)        0.124     8.121 r  sum_OBUF[11]_inst_i_1/O
                         net (fo=1, routed)           2.245    10.366    sum_OBUF[11]
    W11                  OBUF (Prop_obuf_I_O)         2.753    13.119 r  sum_OBUF[11]_inst/O
                         net (fo=0)                   0.000    13.119    sum[11]
    W11                                                               r  sum[11] (OUT)
  -------------------------------------------------------------------    -------------------

Slack:                    inf
  Source:                 a[0]
                            (input port)
  Destination:            sum[9]
                            (output port)
  Path Group:             (none)
  Path Type:              Max at Slow Process Corner
  Data Path Delay:        12.740ns  (logic 5.492ns (43.104%)  route 7.249ns (56.896%))
  Logic Levels:           7  (IBUF=1 LUT5=5 OBUF=1)

    Location             Delay type                Incr(ns)  Path(ns)    Netlist Resource(s)
  -------------------------------------------------------------------    -------------------
    U7                                                0.000     0.000 r  a[0] (IN)
                         net (fo=0)                   0.000     0.000    a[0]
    U7                   IBUF (Prop_ibuf_I_O)         0.915     0.915 r  a_IBUF[0]_inst/O
                         net (fo=3, routed)           2.004     2.918    a_IBUF[0]
    SLICE_X0Y19          LUT5 (Prop_lut5_I3_O)        0.150     3.068 r  sum_OBUF[3]_inst_i_2/O
                         net (fo=3, routed)           0.454     3.522    c49_in
    SLICE_X0Y19          LUT5 (Prop_lut5_I2_O)        0.321     3.843 r  sum_OBUF[5]_inst_i_2/O
                         net (fo=3, routed)           0.837     4.680    c41_in
    SLICE_X0Y21          LUT5 (Prop_lut5_I2_O)        0.374     5.054 r  sum_OBUF[7]_inst_i_2/O
                         net (fo=3, routed)           0.797     5.851    c33_in
    SLICE_X0Y23          LUT5 (Prop_lut5_I2_O)        0.354     6.205 r  sum_OBUF[9]_inst_i_2/O
                         net (fo=3, routed)           1.037     7.242    c25_in
    SLICE_X0Y25          LUT5 (Prop_lut5_I3_O)        0.350     7.592 r  sum_OBUF[9]_inst_i_1/O
                         net (fo=1, routed)           2.120     9.712    sum_OBUF[9]
    V12                  OBUF (Prop_obuf_I_O)         3.028    12.740 r  sum_OBUF[9]_inst/O
                         net (fo=0)                   0.000    12.740    sum[9]
    V12                                                               r  sum[9] (OUT)
  -------------------------------------------------------------------    -------------------

Slack:                    inf
  Source:                 a[0]
                            (input port)
  Destination:            sum[8]
                            (output port)
  Path Group:             (none)
  Path Type:              Max at Slow Process Corner
  Data Path Delay:        11.956ns  (logic 5.261ns (44.003%)  route 6.695ns (55.997%))
  Logic Levels:           7  (IBUF=1 LUT3=1 LUT5=4 OBUF=1)

    Location             Delay type                Incr(ns)  Path(ns)    Netlist Resource(s)
  -------------------------------------------------------------------    -------------------
    U7                                                0.000     0.000 r  a[0] (IN)
                         net (fo=0)                   0.000     0.000    a[0]
    U7                   IBUF (Prop_ibuf_I_O)         0.915     0.915 r  a_IBUF[0]_inst/O
                         net (fo=3, routed)           2.004     2.918    a_IBUF[0]
    SLICE_X0Y19          LUT5 (Prop_lut5_I3_O)        0.150     3.068 r  sum_OBUF[3]_inst_i_2/O
                         net (fo=3, routed)           0.454     3.522    c49_in
    SLICE_X0Y19          LUT5 (Prop_lut5_I2_O)        0.321     3.843 r  sum_OBUF[5]_inst_i_2/O
                         net (fo=3, routed)           0.837     4.680    c41_in
    SLICE_X0Y21          LUT5 (Prop_lut5_I2_O)        0.374     5.054 r  sum_OBUF[7]_inst_i_2/O
                         net (fo=3, routed)           0.797     5.851    c33_in
    SLICE_X0Y23          LUT5 (Prop_lut5_I2_O)        0.354     6.205 r  sum_OBUF[9]_inst_i_2/O
                         net (fo=3, routed)           0.348     6.554    c25_in
    SLICE_X0Y25          LUT3 (Prop_lut3_I2_O)        0.328     6.882 r  sum_OBUF[8]_inst_i_1/O
                         net (fo=1, routed)           2.255     9.137    sum_OBUF[8]
    W12                  OBUF (Prop_obuf_I_O)         2.819    11.956 r  sum_OBUF[8]_inst/O
                         net (fo=0)                   0.000    11.956    sum[8]
    W12                                                               r  sum[8] (OUT)
  -------------------------------------------------------------------    -------------------

Slack:                    inf
  Source:                 a[0]
                            (input port)
  Destination:            sum[7]
                            (output port)
  Path Group:             (none)
  Path Type:              Max at Slow Process Corner
  Data Path Delay:        11.218ns  (logic 4.852ns (43.257%)  route 6.365ns (56.743%))
  Logic Levels:           6  (IBUF=1 LUT5=4 OBUF=1)

    Location             Delay type                Incr(ns)  Path(ns)    Netlist Resource(s)
  -------------------------------------------------------------------    -------------------
    U7                                                0.000     0.000 r  a[0] (IN)
                         net (fo=0)                   0.000     0.000    a[0]
    U7                   IBUF (Prop_ibuf_I_O)         0.915     0.915 r  a_IBUF[0]_inst/O
                         net (fo=3, routed)           2.004     2.918    a_IBUF[0]
    SLICE_X0Y19          LUT5 (Prop_lut5_I3_O)        0.150     3.068 r  sum_OBUF[3]_inst_i_2/O
                         net (fo=3, routed)           0.454     3.522    c49_in
    SLICE_X0Y19          LUT5 (Prop_lut5_I2_O)        0.321     3.843 r  sum_OBUF[5]_inst_i_2/O
                         net (fo=3, routed)           0.837     4.680    c41_in
    SLICE_X0Y21          LUT5 (Prop_lut5_I2_O)        0.374     5.054 r  sum_OBUF[7]_inst_i_2/O
                         net (fo=3, routed)           0.797     5.851    c33_in
    SLICE_X0Y23          LUT5 (Prop_lut5_I3_O)        0.328     6.179 r  sum_OBUF[7]_inst_i_1/O
                         net (fo=1, routed)           2.274     8.453    sum_OBUF[7]
    U12                  OBUF (Prop_obuf_I_O)         2.765    11.218 r  sum_OBUF[7]_inst/O
                         net (fo=0)                   0.000    11.218    sum[7]
    U12                                                               r  sum[7] (OUT)
  -------------------------------------------------------------------    -------------------





Min Delay Paths
--------------------------------------------------------------------------------------
Slack:                    inf
  Source:                 b[4]
                            (input port)
  Destination:            sum[5]
                            (output port)
  Path Group:             (none)
  Path Type:              Min at Fast Process Corner
  Data Path Delay:        2.406ns  (logic 1.412ns (58.681%)  route 0.994ns (41.319%))
  Logic Levels:           3  (IBUF=1 LUT5=1 OBUF=1)

    Location             Delay type                Incr(ns)  Path(ns)    Netlist Resource(s)
  -------------------------------------------------------------------    -------------------
    AB2                                               0.000     0.000 r  b[4] (IN)
                         net (fo=0)                   0.000     0.000    b[4]
    AB2                  IBUF (Prop_ibuf_I_O)         0.217     0.217 r  b_IBUF[4]_inst/O
                         net (fo=3, routed)           0.390     0.608    b_IBUF[4]
    SLICE_X0Y21          LUT5 (Prop_lut5_I4_O)        0.045     0.653 r  sum_OBUF[5]_inst_i_1/O
                         net (fo=1, routed)           0.604     1.256    sum_OBUF[5]
    U10                  OBUF (Prop_obuf_I_O)         1.149     2.406 r  sum_OBUF[5]_inst/O
                         net (fo=0)                   0.000     2.406    sum[5]
    U10                                                               r  sum[5] (OUT)
  -------------------------------------------------------------------    -------------------

Slack:                    inf
  Source:                 b[15]
                            (input port)
  Destination:            sum[15]
                            (output port)
  Path Group:             (none)
  Path Type:              Min at Fast Process Corner
  Data Path Delay:        2.415ns  (logic 1.439ns (59.586%)  route 0.976ns (40.414%))
  Logic Levels:           3  (IBUF=1 LUT5=1 OBUF=1)

    Location             Delay type                Incr(ns)  Path(ns)    Netlist Resource(s)
  -------------------------------------------------------------------    -------------------
    AB9                                               0.000     0.000 r  b[15] (IN)
                         net (fo=0)                   0.000     0.000    b[15]
    AB9                  IBUF (Prop_ibuf_I_O)         0.231     0.231 r  b_IBUF[15]_inst/O
                         net (fo=2, routed)           0.401     0.632    b_IBUF[15]
    SLICE_X0Y31          LUT5 (Prop_lut5_I0_O)        0.045     0.677 r  sum_OBUF[15]_inst_i_1/O
                         net (fo=1, routed)           0.575     1.252    sum_OBUF[15]
    V10                  OBUF (Prop_obuf_I_O)         1.163     2.415 r  sum_OBUF[15]_inst/O
                         net (fo=0)                   0.000     2.415    sum[15]
    V10                                                               r  sum[15] (OUT)
  -------------------------------------------------------------------    -------------------

Slack:                    inf
  Source:                 b[15]
                            (input port)
  Destination:            cout
                            (output port)
  Path Group:             (none)
  Path Type:              Min at Fast Process Corner
  Data Path Delay:        2.438ns  (logic 1.450ns (59.478%)  route 0.988ns (40.522%))
  Logic Levels:           3  (IBUF=1 LUT5=1 OBUF=1)

    Location             Delay type                Incr(ns)  Path(ns)    Netlist Resource(s)
  -------------------------------------------------------------------    -------------------
    AB9                                               0.000     0.000 r  b[15] (IN)
                         net (fo=0)                   0.000     0.000    b[15]
    AB9                  IBUF (Prop_ibuf_I_O)         0.231     0.231 r  b_IBUF[15]_inst/O
                         net (fo=2, routed)           0.401     0.632    b_IBUF[15]
    SLICE_X0Y31          LUT5 (Prop_lut5_I4_O)        0.043     0.675 r  cout_OBUF_inst_i_1/O
                         net (fo=1, routed)           0.587     1.262    cout_OBUF
    R7                   OBUF (Prop_obuf_I_O)         1.176     2.438 r  cout_OBUF_inst/O
                         net (fo=0)                   0.000     2.438    cout
    R7                                                                r  cout (OUT)
  -------------------------------------------------------------------    -------------------

Slack:                    inf
  Source:                 b[0]
                            (input port)
  Destination:            sum[1]
                            (output port)
  Path Group:             (none)
  Path Type:              Min at Fast Process Corner
  Data Path Delay:        2.468ns  (logic 1.478ns (59.896%)  route 0.990ns (40.104%))
  Logic Levels:           3  (IBUF=1 LUT5=1 OBUF=1)

    Location             Delay type                Incr(ns)  Path(ns)    Netlist Resource(s)
  -------------------------------------------------------------------    -------------------
    AB7                                               0.000     0.000 r  b[0] (IN)
                         net (fo=0)                   0.000     0.000    b[0]
    AB7                  IBUF (Prop_ibuf_I_O)         0.209     0.209 r  b_IBUF[0]_inst/O
                         net (fo=3, routed)           0.409     0.618    b_IBUF[0]
    SLICE_X0Y19          LUT5 (Prop_lut5_I4_O)        0.045     0.663 r  sum_OBUF[1]_inst_i_1/O
                         net (fo=1, routed)           0.581     1.244    sum_OBUF[1]
    AA11                 OBUF (Prop_obuf_I_O)         1.225     2.468 r  sum_OBUF[1]_inst/O
                         net (fo=0)                   0.000     2.468    sum[1]
    AA11                                                              r  sum[1] (OUT)
  -------------------------------------------------------------------    -------------------

Slack:                    inf
  Source:                 b[4]
                            (input port)
  Destination:            sum[4]
                            (output port)
  Path Group:             (none)
  Path Type:              Min at Fast Process Corner
  Data Path Delay:        2.470ns  (logic 1.395ns (56.477%)  route 1.075ns (43.523%))
  Logic Levels:           3  (IBUF=1 LUT3=1 OBUF=1)

    Location             Delay type                Incr(ns)  Path(ns)    Netlist Resource(s)
  -------------------------------------------------------------------    -------------------
    AB2                                               0.000     0.000 r  b[4] (IN)
                         net (fo=0)                   0.000     0.000    b[4]
    AB2                  IBUF (Prop_ibuf_I_O)         0.217     0.217 r  b_IBUF[4]_inst/O
                         net (fo=3, routed)           0.466     0.684    b_IBUF[4]
    SLICE_X0Y21          LUT3 (Prop_lut3_I0_O)        0.045     0.729 r  sum_OBUF[4]_inst_i_1/O
                         net (fo=1, routed)           0.609     1.337    sum_OBUF[4]
    U9                   OBUF (Prop_obuf_I_O)         1.133     2.470 r  sum_OBUF[4]_inst/O
                         net (fo=0)                   0.000     2.470    sum[4]
    U9                                                                r  sum[4] (OUT)
  -------------------------------------------------------------------    -------------------

Slack:                    inf
  Source:                 b[3]
                            (input port)
  Destination:            sum[3]
                            (output port)
  Path Group:             (none)
  Path Type:              Min at Fast Process Corner
  Data Path Delay:        2.473ns  (logic 1.493ns (60.366%)  route 0.980ns (39.634%))
  Logic Levels:           3  (IBUF=1 LUT5=1 OBUF=1)

    Location             Delay type                Incr(ns)  Path(ns)    Netlist Resource(s)
  -------------------------------------------------------------------    -------------------
    AB1                                               0.000     0.000 r  b[3] (IN)
                         net (fo=0)                   0.000     0.000    b[3]
    AB1                  IBUF (Prop_ibuf_I_O)         0.232     0.232 r  b_IBUF[3]_inst/O
                         net (fo=2, routed)           0.427     0.659    b_IBUF[3]
    SLICE_X0Y19          LUT5 (Prop_lut5_I0_O)        0.045     0.704 r  sum_OBUF[3]_inst_i_1/O
                         net (fo=1, routed)           0.553     1.257    sum_OBUF[3]
    AA12                 OBUF (Prop_obuf_I_O)         1.216     2.473 r  sum_OBUF[3]_inst/O
                         net (fo=0)                   0.000     2.473    sum[3]
    AA12                                                              r  sum[3] (OUT)
  -------------------------------------------------------------------    -------------------

Slack:                    inf
  Source:                 b[2]
                            (input port)
  Destination:            sum[2]
                            (output port)
  Path Group:             (none)
  Path Type:              Min at Fast Process Corner
  Data Path Delay:        2.487ns  (logic 1.448ns (58.213%)  route 1.039ns (41.787%))
  Logic Levels:           3  (IBUF=1 LUT3=1 OBUF=1)

    Location             Delay type                Incr(ns)  Path(ns)    Netlist Resource(s)
  -------------------------------------------------------------------    -------------------
    AB5                                               0.000     0.000 r  b[2] (IN)
                         net (fo=0)                   0.000     0.000    b[2]
    AB5                  IBUF (Prop_ibuf_I_O)         0.195     0.195 r  b_IBUF[2]_inst/O
                         net (fo=3, routed)           0.488     0.682    b_IBUF[2]
    SLICE_X0Y19          LUT3 (Prop_lut3_I0_O)        0.045     0.727 r  sum_OBUF[2]_inst_i_1/O
                         net (fo=1, routed)           0.552     1.279    sum_OBUF[2]
    AB12                 OBUF (Prop_obuf_I_O)         1.208     2.487 r  sum_OBUF[2]_inst/O
                         net (fo=0)                   0.000     2.487    sum[2]
    AB12                                                              r  sum[2] (OUT)
  -------------------------------------------------------------------    -------------------

Slack:                    inf
  Source:                 b[12]
                            (input port)
  Destination:            sum[13]
                            (output port)
  Path Group:             (none)
  Path Type:              Min at Fast Process Corner
  Data Path Delay:        2.493ns  (logic 1.528ns (61.286%)  route 0.965ns (38.714%))
  Logic Levels:           3  (IBUF=1 LUT5=1 OBUF=1)

    Location             Delay type                Incr(ns)  Path(ns)    Netlist Resource(s)
  -------------------------------------------------------------------    -------------------
    AA9                                               0.000     0.000 r  b[12] (IN)
                         net (fo=0)                   0.000     0.000    b[12]
    AA9                  IBUF (Prop_ibuf_I_O)         0.236     0.236 r  b_IBUF[12]_inst/O
                         net (fo=3, routed)           0.390     0.626    b_IBUF[12]
    SLICE_X0Y29          LUT5 (Prop_lut5_I4_O)        0.045     0.671 r  sum_OBUF[13]_inst_i_1/O
                         net (fo=1, routed)           0.575     1.246    sum_OBUF[13]
    V8                   OBUF (Prop_obuf_I_O)         1.247     2.493 r  sum_OBUF[13]_inst/O
                         net (fo=0)                   0.000     2.493    sum[13]
    V8                                                                r  sum[13] (OUT)
  -------------------------------------------------------------------    -------------------

Slack:                    inf
  Source:                 b[11]
                            (input port)
  Destination:            sum[11]
                            (output port)
  Path Group:             (none)
  Path Type:              Min at Fast Process Corner
  Data Path Delay:        2.521ns  (logic 1.545ns (61.285%)  route 0.976ns (38.715%))
  Logic Levels:           3  (IBUF=1 LUT5=1 OBUF=1)

    Location             Delay type                Incr(ns)  Path(ns)    Netlist Resource(s)
  -------------------------------------------------------------------    -------------------
    AA8                                               0.000     0.000 r  b[11] (IN)
                         net (fo=0)                   0.000     0.000    b[11]
    AA8                  IBUF (Prop_ibuf_I_O)         0.231     0.231 r  b_IBUF[11]_inst/O
                         net (fo=2, routed)           0.401     0.632    b_IBUF[11]
    SLICE_X0Y27          LUT5 (Prop_lut5_I0_O)        0.045     0.677 r  sum_OBUF[11]_inst_i_1/O
                         net (fo=1, routed)           0.575     1.252    sum_OBUF[11]
    W11                  OBUF (Prop_obuf_I_O)         1.268     2.521 r  sum_OBUF[11]_inst/O
                         net (fo=0)                   0.000     2.521    sum[11]
    W11                                                               r  sum[11] (OUT)
  -------------------------------------------------------------------    -------------------

Slack:                    inf
  Source:                 b[9]
                            (input port)
  Destination:            sum[9]
                            (output port)
  Path Group:             (none)
  Path Type:              Min at Fast Process Corner
  Data Path Delay:        2.522ns  (logic 1.665ns (66.009%)  route 0.857ns (33.991%))
  Logic Levels:           3  (IBUF=1 LUT5=1 OBUF=1)

    Location             Delay type                Incr(ns)  Path(ns)    Netlist Resource(s)
  -------------------------------------------------------------------    -------------------
    Y8                                                0.000     0.000 r  b[9] (IN)
                         net (fo=0)                   0.000     0.000    b[9]
    Y8                   IBUF (Prop_ibuf_I_O)         0.212     0.212 r  b_IBUF[9]_inst/O
                         net (fo=2, routed)           0.325     0.537    b_IBUF[9]
    SLICE_X0Y25          LUT5 (Prop_lut5_I0_O)        0.048     0.585 r  sum_OBUF[9]_inst_i_1/O
                         net (fo=1, routed)           0.532     1.117    sum_OBUF[9]
    V12                  OBUF (Prop_obuf_I_O)         1.405     2.522 r  sum_OBUF[9]_inst/O
                         net (fo=0)                   0.000     2.522    sum[9]
    V12                                                               r  sum[9] (OUT)
  -------------------------------------------------------------------    -------------------





